2025-08-03 17:06:55,830 [Worker-5: Loading available Gradle versions] INFO  o.e.b.c.i.u.g.PublishedGradleVersions - Gradle version information cache is not available. Remote download required.
2025-08-03 17:27:50,027 [Worker-14: Importing Maven projects] INFO  o.e.m.c.i.l.LifecycleMappingFactory - Using org.eclipse.m2e.jdt.JarLifecycleMapping lifecycle mapping for MavenProject: com.munna.urlshortener:url-shortener:0.0.1-SNAPSHOT @ D:\Weekly Sunday Project\url-shortener\pom.xml.
2025-08-03 17:27:51,619 [Worker-14: Importing Maven projects] INFO  o.e.m.c.i.e.AbstractTransferListenerAdapter - Downloading https://repo.maven.apache.org/maven2/com/mysql/mysql-connector-j/9.3.0/mysql-connector-j-9.3.0.pom
2025-08-03 17:27:51,909 [Worker-14: Importing Maven projects] INFO  o.e.m.c.i.e.AbstractTransferListenerAdapter - Downloaded https://repo.maven.apache.org/maven2/com/mysql/mysql-connector-j/9.3.0/mysql-connector-j-9.3.0.pom
2025-08-03 17:27:52,156 [Worker-14: Importing Maven projects] INFO  o.e.m.c.i.e.AbstractTransferListenerAdapter - Downloading https://repo.maven.apache.org/maven2/com/mysql/mysql-connector-j/9.3.0/mysql-connector-j-9.3.0.jar
2025-08-03 17:28:29,844 [Worker-14: Importing Maven projects] INFO  o.e.m.c.i.e.AbstractTransferListenerAdapter - Downloaded https://repo.maven.apache.org/maven2/com/mysql/mysql-connector-j/9.3.0/mysql-connector-j-9.3.0.jar
2025-08-03 17:28:30,690 [Worker-14: Importing Maven projects] INFO  o.e.m.j.i.AbstractJavaProjectConfigurator - Adding source folder /url-shortener/src/main/java
2025-08-03 17:28:30,691 [Worker-14: Importing Maven projects] INFO  o.e.m.j.i.AbstractJavaProjectConfigurator - Adding resource folder /url-shortener/src/main/resources
2025-08-03 17:28:30,695 [Worker-14: Importing Maven projects] INFO  o.e.m.j.i.AbstractJavaProjectConfigurator - Adding resource folder /url-shortener/src/main/resources
2025-08-03 17:28:30,698 [Worker-14: Importing Maven projects] INFO  o.e.m.j.i.AbstractJavaProjectConfigurator - Adding source folder /url-shortener/src/test/java
2025-08-03 17:28:30,700 [Worker-14: Importing Maven projects] INFO  o.e.m.j.i.AbstractJavaProjectConfigurator - Adding resource folder /url-shortener/src/test/resources
2025-08-03 17:28:31,691 [Worker-14: Importing Maven projects] INFO  o.e.m.c.i.p.ProjectConfigurationManager - Imported and configured 1 project(s) in 43 sec
2025-08-03 17:28:31,755 [Worker-15: Download sources and javadoc] INFO  o.e.m.c.i.e.AbstractTransferListenerAdapter - Downloading https://repo.maven.apache.org/maven2/com/mysql/mysql-connector-j/9.3.0/mysql-connector-j-9.3.0-sources.jar
2025-08-03 17:28:33,904 [Worker-17: Building] INFO  o.a.m.s.f.DefaultMavenResourcesFiltering - Copying 1 resource from src\main\resources to target\classes
2025-08-03 17:28:33,945 [Worker-17: Building] INFO  o.a.m.s.f.DefaultMavenResourcesFiltering - Copying 0 resource from src\main\resources to target\classes
2025-08-03 17:28:33,951 [Worker-17: Building] INFO  o.a.m.s.f.DefaultMavenResourcesFiltering - skip non existing resourceDirectory D:\Weekly Sunday Project\url-shortener\src\test\resources
2025-08-03 17:28:45,865 [Worker-15: Download sources and javadoc] INFO  o.e.m.c.i.e.AbstractTransferListenerAdapter - Downloaded https://repo.maven.apache.org/maven2/com/mysql/mysql-connector-j/9.3.0/mysql-connector-j-9.3.0-sources.jar
2025-08-03 17:28:45,874 [Worker-15: Download sources and javadoc] INFO  o.e.m.j.internal.DownloadSourcesJob - Downloaded sources for com.mysql:mysql-connector-j:9.3.0
2025-08-03 17:36:09,392 [Worker-15: Building] INFO  o.a.m.s.f.DefaultMavenResourcesFiltering - Copying 1 resource from src\main\resources to target\classes
2025-08-03 17:36:09,399 [Worker-15: Building] INFO  o.a.m.s.f.DefaultMavenResourcesFiltering - Copying 0 resource from src\main\resources to target\classes
2025-08-03 17:36:09,404 [Worker-15: Building] INFO  o.a.m.s.f.DefaultMavenResourcesFiltering - skip non existing resourceDirectory D:\Weekly Sunday Project\url-shortener\src\test\resources
2025-08-03 17:36:35,253 [Worker-22: Building] INFO  o.a.m.s.f.DefaultMavenResourcesFiltering - Copying 1 resource from src\main\resources to target\classes
2025-08-03 17:36:35,259 [Worker-22: Building] INFO  o.a.m.s.f.DefaultMavenResourcesFiltering - Copying 0 resource from src\main\resources to target\classes
2025-08-03 17:36:35,265 [Worker-22: Building] INFO  o.a.m.s.f.DefaultMavenResourcesFiltering - skip non existing resourceDirectory D:\Weekly Sunday Project\url-shortener\src\test\resources
2025-08-03 17:36:41,443 [Worker-23: Building] INFO  o.a.m.s.f.DefaultMavenResourcesFiltering - Copying 1 resource from src\main\resources to target\classes
2025-08-03 17:36:41,456 [Worker-23: Building] INFO  o.a.m.s.f.DefaultMavenResourcesFiltering - Copying 0 resource from src\main\resources to target\classes
2025-08-03 17:36:41,461 [Worker-23: Building] INFO  o.a.m.s.f.DefaultMavenResourcesFiltering - skip non existing resourceDirectory D:\Weekly Sunday Project\url-shortener\src\test\resources
2025-08-03 17:39:52,601 [Worker-3: Building] INFO  o.a.m.s.f.DefaultMavenResourcesFiltering - Copying 1 resource from src\main\resources to target\classes
2025-08-03 17:39:52,608 [Worker-3: Building] INFO  o.a.m.s.f.DefaultMavenResourcesFiltering - Copying 0 resource from src\main\resources to target\classes
2025-08-03 17:39:52,612 [Worker-3: Building] INFO  o.a.m.s.f.DefaultMavenResourcesFiltering - skip non existing resourceDirectory D:\Weekly Sunday Project\url-shortener\src\test\resources
2025-08-03 17:40:09,146 [Worker-24: Building] INFO  o.a.m.s.f.DefaultMavenResourcesFiltering - Copying 1 resource from src\main\resources to target\classes
2025-08-03 17:40:09,151 [Worker-24: Building] INFO  o.a.m.s.f.DefaultMavenResourcesFiltering - Copying 0 resource from src\main\resources to target\classes
2025-08-03 17:40:09,157 [Worker-24: Building] INFO  o.a.m.s.f.DefaultMavenResourcesFiltering - skip non existing resourceDirectory D:\Weekly Sunday Project\url-shortener\src\test\resources
2025-08-03 17:42:04,278 [Worker-15: Building] INFO  o.a.m.s.f.DefaultMavenResourcesFiltering - Copying 1 resource from src\main\resources to target\classes
2025-08-03 17:42:04,289 [Worker-15: Building] INFO  o.a.m.s.f.DefaultMavenResourcesFiltering - Copying 0 resource from src\main\resources to target\classes
2025-08-03 17:42:04,296 [Worker-15: Building] INFO  o.a.m.s.f.DefaultMavenResourcesFiltering - skip non existing resourceDirectory D:\Weekly Sunday Project\url-shortener\src\test\resources
2025-08-03 17:42:25,262 [Worker-3: Building] INFO  o.a.m.s.f.DefaultMavenResourcesFiltering - Copying 1 resource from src\main\resources to target\classes
2025-08-03 17:42:25,267 [Worker-3: Building] INFO  o.a.m.s.f.DefaultMavenResourcesFiltering - Copying 0 resource from src\main\resources to target\classes
2025-08-03 17:42:25,270 [Worker-3: Building] INFO  o.a.m.s.f.DefaultMavenResourcesFiltering - skip non existing resourceDirectory D:\Weekly Sunday Project\url-shortener\src\test\resources
2025-08-03 17:43:29,163 [Worker-3: Building] INFO  o.a.m.s.f.DefaultMavenResourcesFiltering - Copying 1 resource from src\main\resources to target\classes
2025-08-03 17:43:29,172 [Worker-3: Building] INFO  o.a.m.s.f.DefaultMavenResourcesFiltering - Copying 0 resource from src\main\resources to target\classes
2025-08-03 17:43:29,181 [Worker-3: Building] INFO  o.a.m.s.f.DefaultMavenResourcesFiltering - skip non existing resourceDirectory D:\Weekly Sunday Project\url-shortener\src\test\resources
2025-08-03 17:43:53,210 [Worker-22: Building] INFO  o.a.m.s.f.DefaultMavenResourcesFiltering - Copying 1 resource from src\main\resources to target\classes
2025-08-03 17:43:53,214 [Worker-22: Building] INFO  o.a.m.s.f.DefaultMavenResourcesFiltering - Copying 0 resource from src\main\resources to target\classes
2025-08-03 17:43:53,217 [Worker-22: Building] INFO  o.a.m.s.f.DefaultMavenResourcesFiltering - skip non existing resourceDirectory D:\Weekly Sunday Project\url-shortener\src\test\resources
2025-08-03 17:44:42,256 [Worker-24: Building] INFO  o.a.m.s.f.DefaultMavenResourcesFiltering - Copying 1 resource from src\main\resources to target\classes
2025-08-03 17:44:42,261 [Worker-24: Building] INFO  o.a.m.s.f.DefaultMavenResourcesFiltering - Copying 0 resource from src\main\resources to target\classes
2025-08-03 17:44:42,265 [Worker-24: Building] INFO  o.a.m.s.f.DefaultMavenResourcesFiltering - skip non existing resourceDirectory D:\Weekly Sunday Project\url-shortener\src\test\resources
2025-08-03 17:45:57,737 [main] INFO  o.e.m2e.actions.ExecutePomAction - Creating new launch configuration
2025-08-03 17:46:03,265 [Worker-22: Launching url-shortener] INFO  o.eclipse.m2e.core.internal.Bundles - getClasspathEntries(Bundle=org.eclipse.m2e.maven.runtime_3.9.900.20250220-2013 [833])
2025-08-03 17:46:03,268 [Worker-22: Launching url-shortener] INFO  o.eclipse.m2e.core.internal.Bundles - 	Entry: C:\Software\spring-tool-suite-4-4.28.1.RELEASE-e4.34.0-win32.win32.x86_64\sts-4.28.1.RELEASE\plugins\org.eclipse.m2e.maven.runtime_3.9.900.20250220-2013
2025-08-03 17:46:03,268 [Worker-22: Launching url-shortener] INFO  o.eclipse.m2e.core.internal.Bundles - 	Entry: C:\Software\spring-tool-suite-4-4.28.1.RELEASE-e4.34.0-win32.win32.x86_64\sts-4.28.1.RELEASE\plugins\org.eclipse.m2e.maven.runtime_3.9.900.20250220-2013\jars\aopalliance-1.0.jar
2025-08-03 17:46:03,269 [Worker-22: Launching url-shortener] INFO  o.eclipse.m2e.core.internal.Bundles - 	Entry: C:\Software\spring-tool-suite-4-4.28.1.RELEASE-e4.34.0-win32.win32.x86_64\sts-4.28.1.RELEASE\plugins\org.eclipse.m2e.maven.runtime_3.9.900.20250220-2013\jars\guice-5.1.0.jar
2025-08-03 17:46:03,269 [Worker-22: Launching url-shortener] INFO  o.eclipse.m2e.core.internal.Bundles - 	Entry: C:\Software\spring-tool-suite-4-4.28.1.RELEASE-e4.34.0-win32.win32.x86_64\sts-4.28.1.RELEASE\plugins\org.eclipse.m2e.maven.runtime_3.9.900.20250220-2013\jars\httpclient-4.5.14.jar
2025-08-03 17:46:03,269 [Worker-22: Launching url-shortener] INFO  o.eclipse.m2e.core.internal.Bundles - 	Entry: C:\Software\spring-tool-suite-4-4.28.1.RELEASE-e4.34.0-win32.win32.x86_64\sts-4.28.1.RELEASE\plugins\org.eclipse.m2e.maven.runtime_3.9.900.20250220-2013\jars\httpcore-4.4.16.jar
2025-08-03 17:46:03,269 [Worker-22: Launching url-shortener] INFO  o.eclipse.m2e.core.internal.Bundles - 	Entry: C:\Software\spring-tool-suite-4-4.28.1.RELEASE-e4.34.0-win32.win32.x86_64\sts-4.28.1.RELEASE\plugins\org.eclipse.m2e.maven.runtime_3.9.900.20250220-2013\jars\jansi-2.4.1.jar
2025-08-03 17:46:03,269 [Worker-22: Launching url-shortener] INFO  o.eclipse.m2e.core.internal.Bundles - 	Entry: C:\Software\spring-tool-suite-4-4.28.1.RELEASE-e4.34.0-win32.win32.x86_64\sts-4.28.1.RELEASE\plugins\org.eclipse.m2e.maven.runtime_3.9.900.20250220-2013\jars\jcl-over-slf4j-1.7.36.jar
2025-08-03 17:46:03,270 [Worker-22: Launching url-shortener] INFO  o.eclipse.m2e.core.internal.Bundles - 	Entry: C:\Software\spring-tool-suite-4-4.28.1.RELEASE-e4.34.0-win32.win32.x86_64\sts-4.28.1.RELEASE\plugins\org.eclipse.m2e.maven.runtime_3.9.900.20250220-2013\jars\maven-artifact-3.9.9.jar
2025-08-03 17:46:03,270 [Worker-22: Launching url-shortener] INFO  o.eclipse.m2e.core.internal.Bundles - 	Entry: C:\Software\spring-tool-suite-4-4.28.1.RELEASE-e4.34.0-win32.win32.x86_64\sts-4.28.1.RELEASE\plugins\org.eclipse.m2e.maven.runtime_3.9.900.20250220-2013\jars\maven-builder-support-3.9.9.jar
2025-08-03 17:46:03,270 [Worker-22: Launching url-shortener] INFO  o.eclipse.m2e.core.internal.Bundles - 	Entry: C:\Software\spring-tool-suite-4-4.28.1.RELEASE-e4.34.0-win32.win32.x86_64\sts-4.28.1.RELEASE\plugins\org.eclipse.m2e.maven.runtime_3.9.900.20250220-2013\jars\maven-compat-3.9.9.jar
2025-08-03 17:46:03,270 [Worker-22: Launching url-shortener] INFO  o.eclipse.m2e.core.internal.Bundles - 	Entry: C:\Software\spring-tool-suite-4-4.28.1.RELEASE-e4.34.0-win32.win32.x86_64\sts-4.28.1.RELEASE\plugins\org.eclipse.m2e.maven.runtime_3.9.900.20250220-2013\jars\maven-core-3.9.9.jar
2025-08-03 17:46:03,270 [Worker-22: Launching url-shortener] INFO  o.eclipse.m2e.core.internal.Bundles - 	Entry: C:\Software\spring-tool-suite-4-4.28.1.RELEASE-e4.34.0-win32.win32.x86_64\sts-4.28.1.RELEASE\plugins\org.eclipse.m2e.maven.runtime_3.9.900.20250220-2013\jars\maven-embedder-3.9.9.jar
2025-08-03 17:46:03,270 [Worker-22: Launching url-shortener] INFO  o.eclipse.m2e.core.internal.Bundles - 	Entry: C:\Software\spring-tool-suite-4-4.28.1.RELEASE-e4.34.0-win32.win32.x86_64\sts-4.28.1.RELEASE\plugins\org.eclipse.m2e.maven.runtime_3.9.900.20250220-2013\jars\maven-model-3.9.9.jar
2025-08-03 17:46:03,271 [Worker-22: Launching url-shortener] INFO  o.eclipse.m2e.core.internal.Bundles - 	Entry: C:\Software\spring-tool-suite-4-4.28.1.RELEASE-e4.34.0-win32.win32.x86_64\sts-4.28.1.RELEASE\plugins\org.eclipse.m2e.maven.runtime_3.9.900.20250220-2013\jars\maven-model-builder-3.9.9.jar
2025-08-03 17:46:03,271 [Worker-22: Launching url-shortener] INFO  o.eclipse.m2e.core.internal.Bundles - 	Entry: C:\Software\spring-tool-suite-4-4.28.1.RELEASE-e4.34.0-win32.win32.x86_64\sts-4.28.1.RELEASE\plugins\org.eclipse.m2e.maven.runtime_3.9.900.20250220-2013\jars\maven-plugin-api-3.9.9.jar
2025-08-03 17:46:03,271 [Worker-22: Launching url-shortener] INFO  o.eclipse.m2e.core.internal.Bundles - 	Entry: C:\Software\spring-tool-suite-4-4.28.1.RELEASE-e4.34.0-win32.win32.x86_64\sts-4.28.1.RELEASE\plugins\org.eclipse.m2e.maven.runtime_3.9.900.20250220-2013\jars\maven-repository-metadata-3.9.9.jar
2025-08-03 17:46:03,271 [Worker-22: Launching url-shortener] INFO  o.eclipse.m2e.core.internal.Bundles - 	Entry: C:\Software\spring-tool-suite-4-4.28.1.RELEASE-e4.34.0-win32.win32.x86_64\sts-4.28.1.RELEASE\plugins\org.eclipse.m2e.maven.runtime_3.9.900.20250220-2013\jars\maven-resolver-api-1.9.22.jar
2025-08-03 17:46:03,272 [Worker-22: Launching url-shortener] INFO  o.eclipse.m2e.core.internal.Bundles - 	Entry: C:\Software\spring-tool-suite-4-4.28.1.RELEASE-e4.34.0-win32.win32.x86_64\sts-4.28.1.RELEASE\plugins\org.eclipse.m2e.maven.runtime_3.9.900.20250220-2013\jars\maven-resolver-connector-basic-1.9.22.jar
2025-08-03 17:46:03,273 [Worker-22: Launching url-shortener] INFO  o.eclipse.m2e.core.internal.Bundles - 	Entry: C:\Software\spring-tool-suite-4-4.28.1.RELEASE-e4.34.0-win32.win32.x86_64\sts-4.28.1.RELEASE\plugins\org.eclipse.m2e.maven.runtime_3.9.900.20250220-2013\jars\maven-resolver-impl-1.9.22.jar
2025-08-03 17:46:03,273 [Worker-22: Launching url-shortener] INFO  o.eclipse.m2e.core.internal.Bundles - 	Entry: C:\Software\spring-tool-suite-4-4.28.1.RELEASE-e4.34.0-win32.win32.x86_64\sts-4.28.1.RELEASE\plugins\org.eclipse.m2e.maven.runtime_3.9.900.20250220-2013\jars\maven-resolver-named-locks-1.9.22.jar
2025-08-03 17:46:03,273 [Worker-22: Launching url-shortener] INFO  o.eclipse.m2e.core.internal.Bundles - 	Entry: C:\Software\spring-tool-suite-4-4.28.1.RELEASE-e4.34.0-win32.win32.x86_64\sts-4.28.1.RELEASE\plugins\org.eclipse.m2e.maven.runtime_3.9.900.20250220-2013\jars\maven-resolver-provider-3.9.9.jar
2025-08-03 17:46:03,274 [Worker-22: Launching url-shortener] INFO  o.eclipse.m2e.core.internal.Bundles - 	Entry: C:\Software\spring-tool-suite-4-4.28.1.RELEASE-e4.34.0-win32.win32.x86_64\sts-4.28.1.RELEASE\plugins\org.eclipse.m2e.maven.runtime_3.9.900.20250220-2013\jars\maven-resolver-spi-1.9.22.jar
2025-08-03 17:46:03,274 [Worker-22: Launching url-shortener] INFO  o.eclipse.m2e.core.internal.Bundles - 	Entry: C:\Software\spring-tool-suite-4-4.28.1.RELEASE-e4.34.0-win32.win32.x86_64\sts-4.28.1.RELEASE\plugins\org.eclipse.m2e.maven.runtime_3.9.900.20250220-2013\jars\maven-resolver-transport-file-1.9.22.jar
2025-08-03 17:46:03,274 [Worker-22: Launching url-shortener] INFO  o.eclipse.m2e.core.internal.Bundles - 	Entry: C:\Software\spring-tool-suite-4-4.28.1.RELEASE-e4.34.0-win32.win32.x86_64\sts-4.28.1.RELEASE\plugins\org.eclipse.m2e.maven.runtime_3.9.900.20250220-2013\jars\maven-resolver-transport-http-1.9.22.jar
2025-08-03 17:46:03,274 [Worker-22: Launching url-shortener] INFO  o.eclipse.m2e.core.internal.Bundles - 	Entry: C:\Software\spring-tool-suite-4-4.28.1.RELEASE-e4.34.0-win32.win32.x86_64\sts-4.28.1.RELEASE\plugins\org.eclipse.m2e.maven.runtime_3.9.900.20250220-2013\jars\maven-resolver-transport-wagon-1.9.22.jar
2025-08-03 17:46:03,274 [Worker-22: Launching url-shortener] INFO  o.eclipse.m2e.core.internal.Bundles - 	Entry: C:\Software\spring-tool-suite-4-4.28.1.RELEASE-e4.34.0-win32.win32.x86_64\sts-4.28.1.RELEASE\plugins\org.eclipse.m2e.maven.runtime_3.9.900.20250220-2013\jars\maven-resolver-util-1.9.22.jar
2025-08-03 17:46:03,274 [Worker-22: Launching url-shortener] INFO  o.eclipse.m2e.core.internal.Bundles - 	Entry: C:\Software\spring-tool-suite-4-4.28.1.RELEASE-e4.34.0-win32.win32.x86_64\sts-4.28.1.RELEASE\plugins\org.eclipse.m2e.maven.runtime_3.9.900.20250220-2013\jars\maven-settings-3.9.9.jar
2025-08-03 17:46:03,274 [Worker-22: Launching url-shortener] INFO  o.eclipse.m2e.core.internal.Bundles - 	Entry: C:\Software\spring-tool-suite-4-4.28.1.RELEASE-e4.34.0-win32.win32.x86_64\sts-4.28.1.RELEASE\plugins\org.eclipse.m2e.maven.runtime_3.9.900.20250220-2013\jars\maven-settings-builder-3.9.9.jar
2025-08-03 17:46:03,274 [Worker-22: Launching url-shortener] INFO  o.eclipse.m2e.core.internal.Bundles - 	Entry: C:\Software\spring-tool-suite-4-4.28.1.RELEASE-e4.34.0-win32.win32.x86_64\sts-4.28.1.RELEASE\plugins\org.eclipse.m2e.maven.runtime_3.9.900.20250220-2013\jars\maven-shared-utils-3.4.2.jar
2025-08-03 17:46:03,275 [Worker-22: Launching url-shortener] INFO  o.eclipse.m2e.core.internal.Bundles - 	Entry: C:\Software\spring-tool-suite-4-4.28.1.RELEASE-e4.34.0-win32.win32.x86_64\sts-4.28.1.RELEASE\plugins\org.eclipse.m2e.maven.runtime_3.9.900.20250220-2013\jars\org.eclipse.sisu.inject-0.9.0.M3.jar
2025-08-03 17:46:03,275 [Worker-22: Launching url-shortener] INFO  o.eclipse.m2e.core.internal.Bundles - 	Entry: C:\Software\spring-tool-suite-4-4.28.1.RELEASE-e4.34.0-win32.win32.x86_64\sts-4.28.1.RELEASE\plugins\org.eclipse.m2e.maven.runtime_3.9.900.20250220-2013\jars\org.eclipse.sisu.plexus-0.9.0.M3.jar
2025-08-03 17:46:03,275 [Worker-22: Launching url-shortener] INFO  o.eclipse.m2e.core.internal.Bundles - 	Entry: C:\Software\spring-tool-suite-4-4.28.1.RELEASE-e4.34.0-win32.win32.x86_64\sts-4.28.1.RELEASE\plugins\org.eclipse.m2e.maven.runtime_3.9.900.20250220-2013\jars\plexus-build-api-0.0.7.jar
2025-08-03 17:46:03,275 [Worker-22: Launching url-shortener] INFO  o.eclipse.m2e.core.internal.Bundles - 	Entry: C:\Software\spring-tool-suite-4-4.28.1.RELEASE-e4.34.0-win32.win32.x86_64\sts-4.28.1.RELEASE\plugins\org.eclipse.m2e.maven.runtime_3.9.900.20250220-2013\jars\plexus-build-api-1.2.0.jar
2025-08-03 17:46:03,275 [Worker-22: Launching url-shortener] INFO  o.eclipse.m2e.core.internal.Bundles - 	Entry: C:\Software\spring-tool-suite-4-4.28.1.RELEASE-e4.34.0-win32.win32.x86_64\sts-4.28.1.RELEASE\plugins\org.eclipse.m2e.maven.runtime_3.9.900.20250220-2013\jars\plexus-cipher-2.0.jar
2025-08-03 17:46:03,275 [Worker-22: Launching url-shortener] INFO  o.eclipse.m2e.core.internal.Bundles - 	Entry: C:\Software\spring-tool-suite-4-4.28.1.RELEASE-e4.34.0-win32.win32.x86_64\sts-4.28.1.RELEASE\plugins\org.eclipse.m2e.maven.runtime_3.9.900.20250220-2013\jars\plexus-classworlds-2.8.0.jar
2025-08-03 17:46:03,275 [Worker-22: Launching url-shortener] INFO  o.eclipse.m2e.core.internal.Bundles - 	Entry: C:\Software\spring-tool-suite-4-4.28.1.RELEASE-e4.34.0-win32.win32.x86_64\sts-4.28.1.RELEASE\plugins\org.eclipse.m2e.maven.runtime_3.9.900.20250220-2013\jars\plexus-component-annotations-2.1.0.jar
2025-08-03 17:46:03,275 [Worker-22: Launching url-shortener] INFO  o.eclipse.m2e.core.internal.Bundles - 	Entry: C:\Software\spring-tool-suite-4-4.28.1.RELEASE-e4.34.0-win32.win32.x86_64\sts-4.28.1.RELEASE\plugins\org.eclipse.m2e.maven.runtime_3.9.900.20250220-2013\jars\plexus-interpolation-1.27.jar
2025-08-03 17:46:03,275 [Worker-22: Launching url-shortener] INFO  o.eclipse.m2e.core.internal.Bundles - 	Entry: C:\Software\spring-tool-suite-4-4.28.1.RELEASE-e4.34.0-win32.win32.x86_64\sts-4.28.1.RELEASE\plugins\org.eclipse.m2e.maven.runtime_3.9.900.20250220-2013\jars\plexus-sec-dispatcher-2.0.jar
2025-08-03 17:46:03,276 [Worker-22: Launching url-shortener] INFO  o.eclipse.m2e.core.internal.Bundles - 	Entry: C:\Software\spring-tool-suite-4-4.28.1.RELEASE-e4.34.0-win32.win32.x86_64\sts-4.28.1.RELEASE\plugins\org.eclipse.m2e.maven.runtime_3.9.900.20250220-2013\jars\plexus-utils-3.5.1.jar
2025-08-03 17:46:03,276 [Worker-22: Launching url-shortener] INFO  o.eclipse.m2e.core.internal.Bundles - 	Entry: C:\Software\spring-tool-suite-4-4.28.1.RELEASE-e4.34.0-win32.win32.x86_64\sts-4.28.1.RELEASE\plugins\org.eclipse.m2e.maven.runtime_3.9.900.20250220-2013\jars\plexus-xml-3.0.1.jar
2025-08-03 17:46:03,276 [Worker-22: Launching url-shortener] INFO  o.eclipse.m2e.core.internal.Bundles - 	Entry: C:\Software\spring-tool-suite-4-4.28.1.RELEASE-e4.34.0-win32.win32.x86_64\sts-4.28.1.RELEASE\plugins\org.eclipse.m2e.maven.runtime_3.9.900.20250220-2013\jars\wagon-file-3.5.3.jar
2025-08-03 17:46:03,276 [Worker-22: Launching url-shortener] INFO  o.eclipse.m2e.core.internal.Bundles - 	Entry: C:\Software\spring-tool-suite-4-4.28.1.RELEASE-e4.34.0-win32.win32.x86_64\sts-4.28.1.RELEASE\plugins\org.eclipse.m2e.maven.runtime_3.9.900.20250220-2013\jars\wagon-http-3.5.3.jar
2025-08-03 17:46:03,276 [Worker-22: Launching url-shortener] INFO  o.eclipse.m2e.core.internal.Bundles - 	Entry: C:\Software\spring-tool-suite-4-4.28.1.RELEASE-e4.34.0-win32.win32.x86_64\sts-4.28.1.RELEASE\plugins\org.eclipse.m2e.maven.runtime_3.9.900.20250220-2013\jars\wagon-http-shared-3.5.3.jar
2025-08-03 17:46:03,276 [Worker-22: Launching url-shortener] INFO  o.eclipse.m2e.core.internal.Bundles - 	Entry: C:\Software\spring-tool-suite-4-4.28.1.RELEASE-e4.34.0-win32.win32.x86_64\sts-4.28.1.RELEASE\plugins\org.eclipse.m2e.maven.runtime_3.9.900.20250220-2013\jars\wagon-provider-api-3.5.3.jar
2025-08-03 17:46:03,277 [Worker-22: Launching url-shortener] INFO  o.eclipse.m2e.core.internal.Bundles - getClasspathEntries(Bundle=com.google.guava_33.4.0.jre [647])
2025-08-03 17:46:03,278 [Worker-22: Launching url-shortener] INFO  o.eclipse.m2e.core.internal.Bundles - 	Entry: C:\Software\spring-tool-suite-4-4.28.1.RELEASE-e4.34.0-win32.win32.x86_64\sts-4.28.1.RELEASE\plugins\com.google.guava_33.4.0.jre.jar
2025-08-03 17:46:03,278 [Worker-22: Launching url-shortener] INFO  o.eclipse.m2e.core.internal.Bundles - getClasspathEntries(Bundle=slf4j.api_2.0.16 [615])
2025-08-03 17:46:03,278 [Worker-22: Launching url-shortener] INFO  o.eclipse.m2e.core.internal.Bundles - 	Entry: C:\Software\spring-tool-suite-4-4.28.1.RELEASE-e4.34.0-win32.win32.x86_64\sts-4.28.1.RELEASE\plugins\slf4j.api_2.0.16.jar
2025-08-03 17:46:03,278 [Worker-22: Launching url-shortener] INFO  o.eclipse.m2e.core.internal.Bundles - getClasspathEntries(Bundle=jakarta.inject.jakarta.inject-api_1.0.5 [45])
2025-08-03 17:46:03,278 [Worker-22: Launching url-shortener] INFO  o.eclipse.m2e.core.internal.Bundles - 	Entry: C:\Software\spring-tool-suite-4-4.28.1.RELEASE-e4.34.0-win32.win32.x86_64\sts-4.28.1.RELEASE\plugins\jakarta.inject.jakarta.inject-api_1.0.5.jar
2025-08-03 17:46:03,279 [Worker-22: Launching url-shortener] INFO  o.eclipse.m2e.core.internal.Bundles - getClasspathEntries(Bundle=jakarta.annotation-api_1.3.5 [41])
2025-08-03 17:46:03,279 [Worker-22: Launching url-shortener] INFO  o.eclipse.m2e.core.internal.Bundles - 	Entry: C:\Software\spring-tool-suite-4-4.28.1.RELEASE-e4.34.0-win32.win32.x86_64\sts-4.28.1.RELEASE\plugins\jakarta.annotation-api_1.3.5.jar
2025-08-03 17:46:03,279 [Worker-22: Launching url-shortener] INFO  o.eclipse.m2e.core.internal.Bundles - getClasspathEntries(Bundle=org.apache.commons.cli_1.9.0 [78])
2025-08-03 17:46:03,279 [Worker-22: Launching url-shortener] INFO  o.eclipse.m2e.core.internal.Bundles - 	Entry: C:\Software\spring-tool-suite-4-4.28.1.RELEASE-e4.34.0-win32.win32.x86_64\sts-4.28.1.RELEASE\plugins\org.apache.commons.cli_1.9.0.jar
2025-08-03 17:46:03,279 [Worker-22: Launching url-shortener] INFO  o.eclipse.m2e.core.internal.Bundles - getClasspathEntries(Bundle=org.apache.commons.commons-codec_1.16.0 [81])
2025-08-03 17:46:03,279 [Worker-22: Launching url-shortener] INFO  o.eclipse.m2e.core.internal.Bundles - 	Entry: C:\Software\spring-tool-suite-4-4.28.1.RELEASE-e4.34.0-win32.win32.x86_64\sts-4.28.1.RELEASE\plugins\org.apache.commons.commons-codec_1.16.0.jar
2025-08-03 17:46:03,279 [Worker-22: Launching url-shortener] INFO  o.eclipse.m2e.core.internal.Bundles - getClasspathEntries(Bundle=com.google.guava.failureaccess_1.0.2 [30])
2025-08-03 17:46:03,280 [Worker-22: Launching url-shortener] INFO  o.eclipse.m2e.core.internal.Bundles - 	Entry: C:\Software\spring-tool-suite-4-4.28.1.RELEASE-e4.34.0-win32.win32.x86_64\sts-4.28.1.RELEASE\plugins\com.google.guava.failureaccess_1.0.2.jar
2025-08-03 17:46:03,284 [Worker-22: Launching url-shortener] INFO  o.e.m.i.launch.MavenLaunchDelegate - Run build in "D:\Weekly Sunday Project\url-shortener":
2025-08-03 17:46:03,290 [Worker-22: Launching url-shortener] INFO  o.e.m.i.launch.MavenLaunchDelegate -  mvn  -B -Dstyle.color=always clean
2025-08-03 17:46:20,196 [Worker-23: Launching Executing clean in D__Weekly Sunday Project_url-shortener] INFO  o.eclipse.m2e.core.internal.Bundles - getClasspathEntries(Bundle=org.eclipse.m2e.maven.runtime_3.9.900.20250220-2013 [833])
2025-08-03 17:46:20,197 [Worker-23: Launching Executing clean in D__Weekly Sunday Project_url-shortener] INFO  o.eclipse.m2e.core.internal.Bundles - 	Entry: C:\Software\spring-tool-suite-4-4.28.1.RELEASE-e4.34.0-win32.win32.x86_64\sts-4.28.1.RELEASE\plugins\org.eclipse.m2e.maven.runtime_3.9.900.20250220-2013
2025-08-03 17:46:20,197 [Worker-23: Launching Executing clean in D__Weekly Sunday Project_url-shortener] INFO  o.eclipse.m2e.core.internal.Bundles - 	Entry: C:\Software\spring-tool-suite-4-4.28.1.RELEASE-e4.34.0-win32.win32.x86_64\sts-4.28.1.RELEASE\plugins\org.eclipse.m2e.maven.runtime_3.9.900.20250220-2013\jars\aopalliance-1.0.jar
2025-08-03 17:46:20,197 [Worker-23: Launching Executing clean in D__Weekly Sunday Project_url-shortener] INFO  o.eclipse.m2e.core.internal.Bundles - 	Entry: C:\Software\spring-tool-suite-4-4.28.1.RELEASE-e4.34.0-win32.win32.x86_64\sts-4.28.1.RELEASE\plugins\org.eclipse.m2e.maven.runtime_3.9.900.20250220-2013\jars\guice-5.1.0.jar
2025-08-03 17:46:20,197 [Worker-23: Launching Executing clean in D__Weekly Sunday Project_url-shortener] INFO  o.eclipse.m2e.core.internal.Bundles - 	Entry: C:\Software\spring-tool-suite-4-4.28.1.RELEASE-e4.34.0-win32.win32.x86_64\sts-4.28.1.RELEASE\plugins\org.eclipse.m2e.maven.runtime_3.9.900.20250220-2013\jars\httpclient-4.5.14.jar
2025-08-03 17:46:20,197 [Worker-23: Launching Executing clean in D__Weekly Sunday Project_url-shortener] INFO  o.eclipse.m2e.core.internal.Bundles - 	Entry: C:\Software\spring-tool-suite-4-4.28.1.RELEASE-e4.34.0-win32.win32.x86_64\sts-4.28.1.RELEASE\plugins\org.eclipse.m2e.maven.runtime_3.9.900.20250220-2013\jars\httpcore-4.4.16.jar
2025-08-03 17:46:20,197 [Worker-23: Launching Executing clean in D__Weekly Sunday Project_url-shortener] INFO  o.eclipse.m2e.core.internal.Bundles - 	Entry: C:\Software\spring-tool-suite-4-4.28.1.RELEASE-e4.34.0-win32.win32.x86_64\sts-4.28.1.RELEASE\plugins\org.eclipse.m2e.maven.runtime_3.9.900.20250220-2013\jars\jansi-2.4.1.jar
2025-08-03 17:46:20,197 [Worker-23: Launching Executing clean in D__Weekly Sunday Project_url-shortener] INFO  o.eclipse.m2e.core.internal.Bundles - 	Entry: C:\Software\spring-tool-suite-4-4.28.1.RELEASE-e4.34.0-win32.win32.x86_64\sts-4.28.1.RELEASE\plugins\org.eclipse.m2e.maven.runtime_3.9.900.20250220-2013\jars\jcl-over-slf4j-1.7.36.jar
2025-08-03 17:46:20,197 [Worker-23: Launching Executing clean in D__Weekly Sunday Project_url-shortener] INFO  o.eclipse.m2e.core.internal.Bundles - 	Entry: C:\Software\spring-tool-suite-4-4.28.1.RELEASE-e4.34.0-win32.win32.x86_64\sts-4.28.1.RELEASE\plugins\org.eclipse.m2e.maven.runtime_3.9.900.20250220-2013\jars\maven-artifact-3.9.9.jar
2025-08-03 17:46:20,198 [Worker-23: Launching Executing clean in D__Weekly Sunday Project_url-shortener] INFO  o.eclipse.m2e.core.internal.Bundles - 	Entry: C:\Software\spring-tool-suite-4-4.28.1.RELEASE-e4.34.0-win32.win32.x86_64\sts-4.28.1.RELEASE\plugins\org.eclipse.m2e.maven.runtime_3.9.900.20250220-2013\jars\maven-builder-support-3.9.9.jar
2025-08-03 17:46:20,198 [Worker-23: Launching Executing clean in D__Weekly Sunday Project_url-shortener] INFO  o.eclipse.m2e.core.internal.Bundles - 	Entry: C:\Software\spring-tool-suite-4-4.28.1.RELEASE-e4.34.0-win32.win32.x86_64\sts-4.28.1.RELEASE\plugins\org.eclipse.m2e.maven.runtime_3.9.900.20250220-2013\jars\maven-compat-3.9.9.jar
2025-08-03 17:46:20,198 [Worker-23: Launching Executing clean in D__Weekly Sunday Project_url-shortener] INFO  o.eclipse.m2e.core.internal.Bundles - 	Entry: C:\Software\spring-tool-suite-4-4.28.1.RELEASE-e4.34.0-win32.win32.x86_64\sts-4.28.1.RELEASE\plugins\org.eclipse.m2e.maven.runtime_3.9.900.20250220-2013\jars\maven-core-3.9.9.jar
2025-08-03 17:46:20,198 [Worker-23: Launching Executing clean in D__Weekly Sunday Project_url-shortener] INFO  o.eclipse.m2e.core.internal.Bundles - 	Entry: C:\Software\spring-tool-suite-4-4.28.1.RELEASE-e4.34.0-win32.win32.x86_64\sts-4.28.1.RELEASE\plugins\org.eclipse.m2e.maven.runtime_3.9.900.20250220-2013\jars\maven-embedder-3.9.9.jar
2025-08-03 17:46:20,198 [Worker-23: Launching Executing clean in D__Weekly Sunday Project_url-shortener] INFO  o.eclipse.m2e.core.internal.Bundles - 	Entry: C:\Software\spring-tool-suite-4-4.28.1.RELEASE-e4.34.0-win32.win32.x86_64\sts-4.28.1.RELEASE\plugins\org.eclipse.m2e.maven.runtime_3.9.900.20250220-2013\jars\maven-model-3.9.9.jar
2025-08-03 17:46:20,198 [Worker-23: Launching Executing clean in D__Weekly Sunday Project_url-shortener] INFO  o.eclipse.m2e.core.internal.Bundles - 	Entry: C:\Software\spring-tool-suite-4-4.28.1.RELEASE-e4.34.0-win32.win32.x86_64\sts-4.28.1.RELEASE\plugins\org.eclipse.m2e.maven.runtime_3.9.900.20250220-2013\jars\maven-model-builder-3.9.9.jar
2025-08-03 17:46:20,198 [Worker-23: Launching Executing clean in D__Weekly Sunday Project_url-shortener] INFO  o.eclipse.m2e.core.internal.Bundles - 	Entry: C:\Software\spring-tool-suite-4-4.28.1.RELEASE-e4.34.0-win32.win32.x86_64\sts-4.28.1.RELEASE\plugins\org.eclipse.m2e.maven.runtime_3.9.900.20250220-2013\jars\maven-plugin-api-3.9.9.jar
2025-08-03 17:46:20,198 [Worker-23: Launching Executing clean in D__Weekly Sunday Project_url-shortener] INFO  o.eclipse.m2e.core.internal.Bundles - 	Entry: C:\Software\spring-tool-suite-4-4.28.1.RELEASE-e4.34.0-win32.win32.x86_64\sts-4.28.1.RELEASE\plugins\org.eclipse.m2e.maven.runtime_3.9.900.20250220-2013\jars\maven-repository-metadata-3.9.9.jar
2025-08-03 17:46:20,199 [Worker-23: Launching Executing clean in D__Weekly Sunday Project_url-shortener] INFO  o.eclipse.m2e.core.internal.Bundles - 	Entry: C:\Software\spring-tool-suite-4-4.28.1.RELEASE-e4.34.0-win32.win32.x86_64\sts-4.28.1.RELEASE\plugins\org.eclipse.m2e.maven.runtime_3.9.900.20250220-2013\jars\maven-resolver-api-1.9.22.jar
2025-08-03 17:46:20,199 [Worker-23: Launching Executing clean in D__Weekly Sunday Project_url-shortener] INFO  o.eclipse.m2e.core.internal.Bundles - 	Entry: C:\Software\spring-tool-suite-4-4.28.1.RELEASE-e4.34.0-win32.win32.x86_64\sts-4.28.1.RELEASE\plugins\org.eclipse.m2e.maven.runtime_3.9.900.20250220-2013\jars\maven-resolver-connector-basic-1.9.22.jar
2025-08-03 17:46:20,199 [Worker-23: Launching Executing clean in D__Weekly Sunday Project_url-shortener] INFO  o.eclipse.m2e.core.internal.Bundles - 	Entry: C:\Software\spring-tool-suite-4-4.28.1.RELEASE-e4.34.0-win32.win32.x86_64\sts-4.28.1.RELEASE\plugins\org.eclipse.m2e.maven.runtime_3.9.900.20250220-2013\jars\maven-resolver-impl-1.9.22.jar
2025-08-03 17:46:20,200 [Worker-23: Launching Executing clean in D__Weekly Sunday Project_url-shortener] INFO  o.eclipse.m2e.core.internal.Bundles - 	Entry: C:\Software\spring-tool-suite-4-4.28.1.RELEASE-e4.34.0-win32.win32.x86_64\sts-4.28.1.RELEASE\plugins\org.eclipse.m2e.maven.runtime_3.9.900.20250220-2013\jars\maven-resolver-named-locks-1.9.22.jar
2025-08-03 17:46:20,200 [Worker-23: Launching Executing clean in D__Weekly Sunday Project_url-shortener] INFO  o.eclipse.m2e.core.internal.Bundles - 	Entry: C:\Software\spring-tool-suite-4-4.28.1.RELEASE-e4.34.0-win32.win32.x86_64\sts-4.28.1.RELEASE\plugins\org.eclipse.m2e.maven.runtime_3.9.900.20250220-2013\jars\maven-resolver-provider-3.9.9.jar
2025-08-03 17:46:20,201 [Worker-23: Launching Executing clean in D__Weekly Sunday Project_url-shortener] INFO  o.eclipse.m2e.core.internal.Bundles - 	Entry: C:\Software\spring-tool-suite-4-4.28.1.RELEASE-e4.34.0-win32.win32.x86_64\sts-4.28.1.RELEASE\plugins\org.eclipse.m2e.maven.runtime_3.9.900.20250220-2013\jars\maven-resolver-spi-1.9.22.jar
2025-08-03 17:46:20,201 [Worker-23: Launching Executing clean in D__Weekly Sunday Project_url-shortener] INFO  o.eclipse.m2e.core.internal.Bundles - 	Entry: C:\Software\spring-tool-suite-4-4.28.1.RELEASE-e4.34.0-win32.win32.x86_64\sts-4.28.1.RELEASE\plugins\org.eclipse.m2e.maven.runtime_3.9.900.20250220-2013\jars\maven-resolver-transport-file-1.9.22.jar
2025-08-03 17:46:20,202 [Worker-23: Launching Executing clean in D__Weekly Sunday Project_url-shortener] INFO  o.eclipse.m2e.core.internal.Bundles - 	Entry: C:\Software\spring-tool-suite-4-4.28.1.RELEASE-e4.34.0-win32.win32.x86_64\sts-4.28.1.RELEASE\plugins\org.eclipse.m2e.maven.runtime_3.9.900.20250220-2013\jars\maven-resolver-transport-http-1.9.22.jar
2025-08-03 17:46:20,202 [Worker-23: Launching Executing clean in D__Weekly Sunday Project_url-shortener] INFO  o.eclipse.m2e.core.internal.Bundles - 	Entry: C:\Software\spring-tool-suite-4-4.28.1.RELEASE-e4.34.0-win32.win32.x86_64\sts-4.28.1.RELEASE\plugins\org.eclipse.m2e.maven.runtime_3.9.900.20250220-2013\jars\maven-resolver-transport-wagon-1.9.22.jar
2025-08-03 17:46:20,202 [Worker-23: Launching Executing clean in D__Weekly Sunday Project_url-shortener] INFO  o.eclipse.m2e.core.internal.Bundles - 	Entry: C:\Software\spring-tool-suite-4-4.28.1.RELEASE-e4.34.0-win32.win32.x86_64\sts-4.28.1.RELEASE\plugins\org.eclipse.m2e.maven.runtime_3.9.900.20250220-2013\jars\maven-resolver-util-1.9.22.jar
2025-08-03 17:46:20,202 [Worker-23: Launching Executing clean in D__Weekly Sunday Project_url-shortener] INFO  o.eclipse.m2e.core.internal.Bundles - 	Entry: C:\Software\spring-tool-suite-4-4.28.1.RELEASE-e4.34.0-win32.win32.x86_64\sts-4.28.1.RELEASE\plugins\org.eclipse.m2e.maven.runtime_3.9.900.20250220-2013\jars\maven-settings-3.9.9.jar
2025-08-03 17:46:20,202 [Worker-23: Launching Executing clean in D__Weekly Sunday Project_url-shortener] INFO  o.eclipse.m2e.core.internal.Bundles - 	Entry: C:\Software\spring-tool-suite-4-4.28.1.RELEASE-e4.34.0-win32.win32.x86_64\sts-4.28.1.RELEASE\plugins\org.eclipse.m2e.maven.runtime_3.9.900.20250220-2013\jars\maven-settings-builder-3.9.9.jar
2025-08-03 17:46:20,202 [Worker-23: Launching Executing clean in D__Weekly Sunday Project_url-shortener] INFO  o.eclipse.m2e.core.internal.Bundles - 	Entry: C:\Software\spring-tool-suite-4-4.28.1.RELEASE-e4.34.0-win32.win32.x86_64\sts-4.28.1.RELEASE\plugins\org.eclipse.m2e.maven.runtime_3.9.900.20250220-2013\jars\maven-shared-utils-3.4.2.jar
2025-08-03 17:46:20,202 [Worker-23: Launching Executing clean in D__Weekly Sunday Project_url-shortener] INFO  o.eclipse.m2e.core.internal.Bundles - 	Entry: C:\Software\spring-tool-suite-4-4.28.1.RELEASE-e4.34.0-win32.win32.x86_64\sts-4.28.1.RELEASE\plugins\org.eclipse.m2e.maven.runtime_3.9.900.20250220-2013\jars\org.eclipse.sisu.inject-0.9.0.M3.jar
2025-08-03 17:46:20,202 [Worker-23: Launching Executing clean in D__Weekly Sunday Project_url-shortener] INFO  o.eclipse.m2e.core.internal.Bundles - 	Entry: C:\Software\spring-tool-suite-4-4.28.1.RELEASE-e4.34.0-win32.win32.x86_64\sts-4.28.1.RELEASE\plugins\org.eclipse.m2e.maven.runtime_3.9.900.20250220-2013\jars\org.eclipse.sisu.plexus-0.9.0.M3.jar
2025-08-03 17:46:20,202 [Worker-23: Launching Executing clean in D__Weekly Sunday Project_url-shortener] INFO  o.eclipse.m2e.core.internal.Bundles - 	Entry: C:\Software\spring-tool-suite-4-4.28.1.RELEASE-e4.34.0-win32.win32.x86_64\sts-4.28.1.RELEASE\plugins\org.eclipse.m2e.maven.runtime_3.9.900.20250220-2013\jars\plexus-build-api-0.0.7.jar
2025-08-03 17:46:20,203 [Worker-23: Launching Executing clean in D__Weekly Sunday Project_url-shortener] INFO  o.eclipse.m2e.core.internal.Bundles - 	Entry: C:\Software\spring-tool-suite-4-4.28.1.RELEASE-e4.34.0-win32.win32.x86_64\sts-4.28.1.RELEASE\plugins\org.eclipse.m2e.maven.runtime_3.9.900.20250220-2013\jars\plexus-build-api-1.2.0.jar
2025-08-03 17:46:20,203 [Worker-23: Launching Executing clean in D__Weekly Sunday Project_url-shortener] INFO  o.eclipse.m2e.core.internal.Bundles - 	Entry: C:\Software\spring-tool-suite-4-4.28.1.RELEASE-e4.34.0-win32.win32.x86_64\sts-4.28.1.RELEASE\plugins\org.eclipse.m2e.maven.runtime_3.9.900.20250220-2013\jars\plexus-cipher-2.0.jar
2025-08-03 17:46:20,203 [Worker-23: Launching Executing clean in D__Weekly Sunday Project_url-shortener] INFO  o.eclipse.m2e.core.internal.Bundles - 	Entry: C:\Software\spring-tool-suite-4-4.28.1.RELEASE-e4.34.0-win32.win32.x86_64\sts-4.28.1.RELEASE\plugins\org.eclipse.m2e.maven.runtime_3.9.900.20250220-2013\jars\plexus-classworlds-2.8.0.jar
2025-08-03 17:46:20,203 [Worker-23: Launching Executing clean in D__Weekly Sunday Project_url-shortener] INFO  o.eclipse.m2e.core.internal.Bundles - 	Entry: C:\Software\spring-tool-suite-4-4.28.1.RELEASE-e4.34.0-win32.win32.x86_64\sts-4.28.1.RELEASE\plugins\org.eclipse.m2e.maven.runtime_3.9.900.20250220-2013\jars\plexus-component-annotations-2.1.0.jar
2025-08-03 17:46:20,203 [Worker-23: Launching Executing clean in D__Weekly Sunday Project_url-shortener] INFO  o.eclipse.m2e.core.internal.Bundles - 	Entry: C:\Software\spring-tool-suite-4-4.28.1.RELEASE-e4.34.0-win32.win32.x86_64\sts-4.28.1.RELEASE\plugins\org.eclipse.m2e.maven.runtime_3.9.900.20250220-2013\jars\plexus-interpolation-1.27.jar
2025-08-03 17:46:20,203 [Worker-23: Launching Executing clean in D__Weekly Sunday Project_url-shortener] INFO  o.eclipse.m2e.core.internal.Bundles - 	Entry: C:\Software\spring-tool-suite-4-4.28.1.RELEASE-e4.34.0-win32.win32.x86_64\sts-4.28.1.RELEASE\plugins\org.eclipse.m2e.maven.runtime_3.9.900.20250220-2013\jars\plexus-sec-dispatcher-2.0.jar
2025-08-03 17:46:20,203 [Worker-23: Launching Executing clean in D__Weekly Sunday Project_url-shortener] INFO  o.eclipse.m2e.core.internal.Bundles - 	Entry: C:\Software\spring-tool-suite-4-4.28.1.RELEASE-e4.34.0-win32.win32.x86_64\sts-4.28.1.RELEASE\plugins\org.eclipse.m2e.maven.runtime_3.9.900.20250220-2013\jars\plexus-utils-3.5.1.jar
2025-08-03 17:46:20,204 [Worker-23: Launching Executing clean in D__Weekly Sunday Project_url-shortener] INFO  o.eclipse.m2e.core.internal.Bundles - 	Entry: C:\Software\spring-tool-suite-4-4.28.1.RELEASE-e4.34.0-win32.win32.x86_64\sts-4.28.1.RELEASE\plugins\org.eclipse.m2e.maven.runtime_3.9.900.20250220-2013\jars\plexus-xml-3.0.1.jar
2025-08-03 17:46:20,204 [Worker-23: Launching Executing clean in D__Weekly Sunday Project_url-shortener] INFO  o.eclipse.m2e.core.internal.Bundles - 	Entry: C:\Software\spring-tool-suite-4-4.28.1.RELEASE-e4.34.0-win32.win32.x86_64\sts-4.28.1.RELEASE\plugins\org.eclipse.m2e.maven.runtime_3.9.900.20250220-2013\jars\wagon-file-3.5.3.jar
2025-08-03 17:46:20,204 [Worker-23: Launching Executing clean in D__Weekly Sunday Project_url-shortener] INFO  o.eclipse.m2e.core.internal.Bundles - 	Entry: C:\Software\spring-tool-suite-4-4.28.1.RELEASE-e4.34.0-win32.win32.x86_64\sts-4.28.1.RELEASE\plugins\org.eclipse.m2e.maven.runtime_3.9.900.20250220-2013\jars\wagon-http-3.5.3.jar
2025-08-03 17:46:20,204 [Worker-23: Launching Executing clean in D__Weekly Sunday Project_url-shortener] INFO  o.eclipse.m2e.core.internal.Bundles - 	Entry: C:\Software\spring-tool-suite-4-4.28.1.RELEASE-e4.34.0-win32.win32.x86_64\sts-4.28.1.RELEASE\plugins\org.eclipse.m2e.maven.runtime_3.9.900.20250220-2013\jars\wagon-http-shared-3.5.3.jar
2025-08-03 17:46:20,204 [Worker-23: Launching Executing clean in D__Weekly Sunday Project_url-shortener] INFO  o.eclipse.m2e.core.internal.Bundles - 	Entry: C:\Software\spring-tool-suite-4-4.28.1.RELEASE-e4.34.0-win32.win32.x86_64\sts-4.28.1.RELEASE\plugins\org.eclipse.m2e.maven.runtime_3.9.900.20250220-2013\jars\wagon-provider-api-3.5.3.jar
2025-08-03 17:46:20,204 [Worker-23: Launching Executing clean in D__Weekly Sunday Project_url-shortener] INFO  o.eclipse.m2e.core.internal.Bundles - getClasspathEntries(Bundle=com.google.guava_33.4.0.jre [647])
2025-08-03 17:46:20,205 [Worker-23: Launching Executing clean in D__Weekly Sunday Project_url-shortener] INFO  o.eclipse.m2e.core.internal.Bundles - 	Entry: C:\Software\spring-tool-suite-4-4.28.1.RELEASE-e4.34.0-win32.win32.x86_64\sts-4.28.1.RELEASE\plugins\com.google.guava_33.4.0.jre.jar
2025-08-03 17:46:20,205 [Worker-23: Launching Executing clean in D__Weekly Sunday Project_url-shortener] INFO  o.eclipse.m2e.core.internal.Bundles - getClasspathEntries(Bundle=slf4j.api_2.0.16 [615])
2025-08-03 17:46:20,205 [Worker-23: Launching Executing clean in D__Weekly Sunday Project_url-shortener] INFO  o.eclipse.m2e.core.internal.Bundles - 	Entry: C:\Software\spring-tool-suite-4-4.28.1.RELEASE-e4.34.0-win32.win32.x86_64\sts-4.28.1.RELEASE\plugins\slf4j.api_2.0.16.jar
2025-08-03 17:46:20,205 [Worker-23: Launching Executing clean in D__Weekly Sunday Project_url-shortener] INFO  o.eclipse.m2e.core.internal.Bundles - getClasspathEntries(Bundle=jakarta.inject.jakarta.inject-api_1.0.5 [45])
2025-08-03 17:46:20,206 [Worker-23: Launching Executing clean in D__Weekly Sunday Project_url-shortener] INFO  o.eclipse.m2e.core.internal.Bundles - 	Entry: C:\Software\spring-tool-suite-4-4.28.1.RELEASE-e4.34.0-win32.win32.x86_64\sts-4.28.1.RELEASE\plugins\jakarta.inject.jakarta.inject-api_1.0.5.jar
2025-08-03 17:46:20,206 [Worker-23: Launching Executing clean in D__Weekly Sunday Project_url-shortener] INFO  o.eclipse.m2e.core.internal.Bundles - getClasspathEntries(Bundle=jakarta.annotation-api_1.3.5 [41])
2025-08-03 17:46:20,206 [Worker-23: Launching Executing clean in D__Weekly Sunday Project_url-shortener] INFO  o.eclipse.m2e.core.internal.Bundles - 	Entry: C:\Software\spring-tool-suite-4-4.28.1.RELEASE-e4.34.0-win32.win32.x86_64\sts-4.28.1.RELEASE\plugins\jakarta.annotation-api_1.3.5.jar
2025-08-03 17:46:20,206 [Worker-23: Launching Executing clean in D__Weekly Sunday Project_url-shortener] INFO  o.eclipse.m2e.core.internal.Bundles - getClasspathEntries(Bundle=org.apache.commons.cli_1.9.0 [78])
2025-08-03 17:46:20,206 [Worker-23: Launching Executing clean in D__Weekly Sunday Project_url-shortener] INFO  o.eclipse.m2e.core.internal.Bundles - 	Entry: C:\Software\spring-tool-suite-4-4.28.1.RELEASE-e4.34.0-win32.win32.x86_64\sts-4.28.1.RELEASE\plugins\org.apache.commons.cli_1.9.0.jar
2025-08-03 17:46:20,206 [Worker-23: Launching Executing clean in D__Weekly Sunday Project_url-shortener] INFO  o.eclipse.m2e.core.internal.Bundles - getClasspathEntries(Bundle=org.apache.commons.commons-codec_1.16.0 [81])
2025-08-03 17:46:20,206 [Worker-23: Launching Executing clean in D__Weekly Sunday Project_url-shortener] INFO  o.eclipse.m2e.core.internal.Bundles - 	Entry: C:\Software\spring-tool-suite-4-4.28.1.RELEASE-e4.34.0-win32.win32.x86_64\sts-4.28.1.RELEASE\plugins\org.apache.commons.commons-codec_1.16.0.jar
2025-08-03 17:46:20,206 [Worker-23: Launching Executing clean in D__Weekly Sunday Project_url-shortener] INFO  o.eclipse.m2e.core.internal.Bundles - getClasspathEntries(Bundle=com.google.guava.failureaccess_1.0.2 [30])
2025-08-03 17:46:20,206 [Worker-23: Launching Executing clean in D__Weekly Sunday Project_url-shortener] INFO  o.eclipse.m2e.core.internal.Bundles - 	Entry: C:\Software\spring-tool-suite-4-4.28.1.RELEASE-e4.34.0-win32.win32.x86_64\sts-4.28.1.RELEASE\plugins\com.google.guava.failureaccess_1.0.2.jar
2025-08-03 17:46:20,207 [Worker-23: Launching Executing clean in D__Weekly Sunday Project_url-shortener] INFO  o.e.m.i.launch.MavenLaunchDelegate - Run build in "D:\Weekly Sunday Project\url-shortener":
2025-08-03 17:46:20,207 [Worker-23: Launching Executing clean in D__Weekly Sunday Project_url-shortener] INFO  o.e.m.i.launch.MavenLaunchDelegate -  mvn  -B -Dstyle.color=always clean
2025-08-03 17:46:22,463 [Worker-22: Building] INFO  o.a.m.s.f.DefaultMavenResourcesFiltering - Copying 1 resource from src\main\resources to target\classes
2025-08-03 17:46:22,465 [Worker-22: Building] INFO  o.a.m.s.f.DefaultMavenResourcesFiltering - Copying 0 resource from src\main\resources to target\classes
2025-08-03 17:46:22,468 [Worker-22: Building] INFO  o.a.m.s.f.DefaultMavenResourcesFiltering - skip non existing resourceDirectory D:\Weekly Sunday Project\url-shortener\src\test\resources
2025-08-03 17:46:31,082 [main] INFO  o.e.m2e.actions.ExecutePomAction - Creating new launch configuration
2025-08-03 17:46:41,960 [Worker-15: Launching url-shortener (1)] INFO  o.eclipse.m2e.core.internal.Bundles - getClasspathEntries(Bundle=org.eclipse.m2e.maven.runtime_3.9.900.20250220-2013 [833])
2025-08-03 17:46:41,961 [Worker-15: Launching url-shortener (1)] INFO  o.eclipse.m2e.core.internal.Bundles - 	Entry: C:\Software\spring-tool-suite-4-4.28.1.RELEASE-e4.34.0-win32.win32.x86_64\sts-4.28.1.RELEASE\plugins\org.eclipse.m2e.maven.runtime_3.9.900.20250220-2013
2025-08-03 17:46:41,961 [Worker-15: Launching url-shortener (1)] INFO  o.eclipse.m2e.core.internal.Bundles - 	Entry: C:\Software\spring-tool-suite-4-4.28.1.RELEASE-e4.34.0-win32.win32.x86_64\sts-4.28.1.RELEASE\plugins\org.eclipse.m2e.maven.runtime_3.9.900.20250220-2013\jars\aopalliance-1.0.jar
2025-08-03 17:46:41,961 [Worker-15: Launching url-shortener (1)] INFO  o.eclipse.m2e.core.internal.Bundles - 	Entry: C:\Software\spring-tool-suite-4-4.28.1.RELEASE-e4.34.0-win32.win32.x86_64\sts-4.28.1.RELEASE\plugins\org.eclipse.m2e.maven.runtime_3.9.900.20250220-2013\jars\guice-5.1.0.jar
2025-08-03 17:46:41,961 [Worker-15: Launching url-shortener (1)] INFO  o.eclipse.m2e.core.internal.Bundles - 	Entry: C:\Software\spring-tool-suite-4-4.28.1.RELEASE-e4.34.0-win32.win32.x86_64\sts-4.28.1.RELEASE\plugins\org.eclipse.m2e.maven.runtime_3.9.900.20250220-2013\jars\httpclient-4.5.14.jar
2025-08-03 17:46:41,962 [Worker-15: Launching url-shortener (1)] INFO  o.eclipse.m2e.core.internal.Bundles - 	Entry: C:\Software\spring-tool-suite-4-4.28.1.RELEASE-e4.34.0-win32.win32.x86_64\sts-4.28.1.RELEASE\plugins\org.eclipse.m2e.maven.runtime_3.9.900.20250220-2013\jars\httpcore-4.4.16.jar
2025-08-03 17:46:41,962 [Worker-15: Launching url-shortener (1)] INFO  o.eclipse.m2e.core.internal.Bundles - 	Entry: C:\Software\spring-tool-suite-4-4.28.1.RELEASE-e4.34.0-win32.win32.x86_64\sts-4.28.1.RELEASE\plugins\org.eclipse.m2e.maven.runtime_3.9.900.20250220-2013\jars\jansi-2.4.1.jar
2025-08-03 17:46:41,962 [Worker-15: Launching url-shortener (1)] INFO  o.eclipse.m2e.core.internal.Bundles - 	Entry: C:\Software\spring-tool-suite-4-4.28.1.RELEASE-e4.34.0-win32.win32.x86_64\sts-4.28.1.RELEASE\plugins\org.eclipse.m2e.maven.runtime_3.9.900.20250220-2013\jars\jcl-over-slf4j-1.7.36.jar
2025-08-03 17:46:41,962 [Worker-15: Launching url-shortener (1)] INFO  o.eclipse.m2e.core.internal.Bundles - 	Entry: C:\Software\spring-tool-suite-4-4.28.1.RELEASE-e4.34.0-win32.win32.x86_64\sts-4.28.1.RELEASE\plugins\org.eclipse.m2e.maven.runtime_3.9.900.20250220-2013\jars\maven-artifact-3.9.9.jar
2025-08-03 17:46:41,962 [Worker-15: Launching url-shortener (1)] INFO  o.eclipse.m2e.core.internal.Bundles - 	Entry: C:\Software\spring-tool-suite-4-4.28.1.RELEASE-e4.34.0-win32.win32.x86_64\sts-4.28.1.RELEASE\plugins\org.eclipse.m2e.maven.runtime_3.9.900.20250220-2013\jars\maven-builder-support-3.9.9.jar
2025-08-03 17:46:41,962 [Worker-15: Launching url-shortener (1)] INFO  o.eclipse.m2e.core.internal.Bundles - 	Entry: C:\Software\spring-tool-suite-4-4.28.1.RELEASE-e4.34.0-win32.win32.x86_64\sts-4.28.1.RELEASE\plugins\org.eclipse.m2e.maven.runtime_3.9.900.20250220-2013\jars\maven-compat-3.9.9.jar
2025-08-03 17:46:41,962 [Worker-15: Launching url-shortener (1)] INFO  o.eclipse.m2e.core.internal.Bundles - 	Entry: C:\Software\spring-tool-suite-4-4.28.1.RELEASE-e4.34.0-win32.win32.x86_64\sts-4.28.1.RELEASE\plugins\org.eclipse.m2e.maven.runtime_3.9.900.20250220-2013\jars\maven-core-3.9.9.jar
2025-08-03 17:46:41,962 [Worker-15: Launching url-shortener (1)] INFO  o.eclipse.m2e.core.internal.Bundles - 	Entry: C:\Software\spring-tool-suite-4-4.28.1.RELEASE-e4.34.0-win32.win32.x86_64\sts-4.28.1.RELEASE\plugins\org.eclipse.m2e.maven.runtime_3.9.900.20250220-2013\jars\maven-embedder-3.9.9.jar
2025-08-03 17:46:41,963 [Worker-15: Launching url-shortener (1)] INFO  o.eclipse.m2e.core.internal.Bundles - 	Entry: C:\Software\spring-tool-suite-4-4.28.1.RELEASE-e4.34.0-win32.win32.x86_64\sts-4.28.1.RELEASE\plugins\org.eclipse.m2e.maven.runtime_3.9.900.20250220-2013\jars\maven-model-3.9.9.jar
2025-08-03 17:46:41,963 [Worker-15: Launching url-shortener (1)] INFO  o.eclipse.m2e.core.internal.Bundles - 	Entry: C:\Software\spring-tool-suite-4-4.28.1.RELEASE-e4.34.0-win32.win32.x86_64\sts-4.28.1.RELEASE\plugins\org.eclipse.m2e.maven.runtime_3.9.900.20250220-2013\jars\maven-model-builder-3.9.9.jar
2025-08-03 17:46:41,963 [Worker-15: Launching url-shortener (1)] INFO  o.eclipse.m2e.core.internal.Bundles - 	Entry: C:\Software\spring-tool-suite-4-4.28.1.RELEASE-e4.34.0-win32.win32.x86_64\sts-4.28.1.RELEASE\plugins\org.eclipse.m2e.maven.runtime_3.9.900.20250220-2013\jars\maven-plugin-api-3.9.9.jar
2025-08-03 17:46:41,963 [Worker-15: Launching url-shortener (1)] INFO  o.eclipse.m2e.core.internal.Bundles - 	Entry: C:\Software\spring-tool-suite-4-4.28.1.RELEASE-e4.34.0-win32.win32.x86_64\sts-4.28.1.RELEASE\plugins\org.eclipse.m2e.maven.runtime_3.9.900.20250220-2013\jars\maven-repository-metadata-3.9.9.jar
2025-08-03 17:46:41,963 [Worker-15: Launching url-shortener (1)] INFO  o.eclipse.m2e.core.internal.Bundles - 	Entry: C:\Software\spring-tool-suite-4-4.28.1.RELEASE-e4.34.0-win32.win32.x86_64\sts-4.28.1.RELEASE\plugins\org.eclipse.m2e.maven.runtime_3.9.900.20250220-2013\jars\maven-resolver-api-1.9.22.jar
2025-08-03 17:46:41,963 [Worker-15: Launching url-shortener (1)] INFO  o.eclipse.m2e.core.internal.Bundles - 	Entry: C:\Software\spring-tool-suite-4-4.28.1.RELEASE-e4.34.0-win32.win32.x86_64\sts-4.28.1.RELEASE\plugins\org.eclipse.m2e.maven.runtime_3.9.900.20250220-2013\jars\maven-resolver-connector-basic-1.9.22.jar
2025-08-03 17:46:41,963 [Worker-15: Launching url-shortener (1)] INFO  o.eclipse.m2e.core.internal.Bundles - 	Entry: C:\Software\spring-tool-suite-4-4.28.1.RELEASE-e4.34.0-win32.win32.x86_64\sts-4.28.1.RELEASE\plugins\org.eclipse.m2e.maven.runtime_3.9.900.20250220-2013\jars\maven-resolver-impl-1.9.22.jar
2025-08-03 17:46:41,963 [Worker-15: Launching url-shortener (1)] INFO  o.eclipse.m2e.core.internal.Bundles - 	Entry: C:\Software\spring-tool-suite-4-4.28.1.RELEASE-e4.34.0-win32.win32.x86_64\sts-4.28.1.RELEASE\plugins\org.eclipse.m2e.maven.runtime_3.9.900.20250220-2013\jars\maven-resolver-named-locks-1.9.22.jar
2025-08-03 17:46:41,964 [Worker-15: Launching url-shortener (1)] INFO  o.eclipse.m2e.core.internal.Bundles - 	Entry: C:\Software\spring-tool-suite-4-4.28.1.RELEASE-e4.34.0-win32.win32.x86_64\sts-4.28.1.RELEASE\plugins\org.eclipse.m2e.maven.runtime_3.9.900.20250220-2013\jars\maven-resolver-provider-3.9.9.jar
2025-08-03 17:46:41,964 [Worker-15: Launching url-shortener (1)] INFO  o.eclipse.m2e.core.internal.Bundles - 	Entry: C:\Software\spring-tool-suite-4-4.28.1.RELEASE-e4.34.0-win32.win32.x86_64\sts-4.28.1.RELEASE\plugins\org.eclipse.m2e.maven.runtime_3.9.900.20250220-2013\jars\maven-resolver-spi-1.9.22.jar
2025-08-03 17:46:41,964 [Worker-15: Launching url-shortener (1)] INFO  o.eclipse.m2e.core.internal.Bundles - 	Entry: C:\Software\spring-tool-suite-4-4.28.1.RELEASE-e4.34.0-win32.win32.x86_64\sts-4.28.1.RELEASE\plugins\org.eclipse.m2e.maven.runtime_3.9.900.20250220-2013\jars\maven-resolver-transport-file-1.9.22.jar
2025-08-03 17:46:41,964 [Worker-15: Launching url-shortener (1)] INFO  o.eclipse.m2e.core.internal.Bundles - 	Entry: C:\Software\spring-tool-suite-4-4.28.1.RELEASE-e4.34.0-win32.win32.x86_64\sts-4.28.1.RELEASE\plugins\org.eclipse.m2e.maven.runtime_3.9.900.20250220-2013\jars\maven-resolver-transport-http-1.9.22.jar
2025-08-03 17:46:41,964 [Worker-15: Launching url-shortener (1)] INFO  o.eclipse.m2e.core.internal.Bundles - 	Entry: C:\Software\spring-tool-suite-4-4.28.1.RELEASE-e4.34.0-win32.win32.x86_64\sts-4.28.1.RELEASE\plugins\org.eclipse.m2e.maven.runtime_3.9.900.20250220-2013\jars\maven-resolver-transport-wagon-1.9.22.jar
2025-08-03 17:46:41,964 [Worker-15: Launching url-shortener (1)] INFO  o.eclipse.m2e.core.internal.Bundles - 	Entry: C:\Software\spring-tool-suite-4-4.28.1.RELEASE-e4.34.0-win32.win32.x86_64\sts-4.28.1.RELEASE\plugins\org.eclipse.m2e.maven.runtime_3.9.900.20250220-2013\jars\maven-resolver-util-1.9.22.jar
2025-08-03 17:46:41,964 [Worker-15: Launching url-shortener (1)] INFO  o.eclipse.m2e.core.internal.Bundles - 	Entry: C:\Software\spring-tool-suite-4-4.28.1.RELEASE-e4.34.0-win32.win32.x86_64\sts-4.28.1.RELEASE\plugins\org.eclipse.m2e.maven.runtime_3.9.900.20250220-2013\jars\maven-settings-3.9.9.jar
2025-08-03 17:46:41,964 [Worker-15: Launching url-shortener (1)] INFO  o.eclipse.m2e.core.internal.Bundles - 	Entry: C:\Software\spring-tool-suite-4-4.28.1.RELEASE-e4.34.0-win32.win32.x86_64\sts-4.28.1.RELEASE\plugins\org.eclipse.m2e.maven.runtime_3.9.900.20250220-2013\jars\maven-settings-builder-3.9.9.jar
2025-08-03 17:46:41,965 [Worker-15: Launching url-shortener (1)] INFO  o.eclipse.m2e.core.internal.Bundles - 	Entry: C:\Software\spring-tool-suite-4-4.28.1.RELEASE-e4.34.0-win32.win32.x86_64\sts-4.28.1.RELEASE\plugins\org.eclipse.m2e.maven.runtime_3.9.900.20250220-2013\jars\maven-shared-utils-3.4.2.jar
2025-08-03 17:46:41,965 [Worker-15: Launching url-shortener (1)] INFO  o.eclipse.m2e.core.internal.Bundles - 	Entry: C:\Software\spring-tool-suite-4-4.28.1.RELEASE-e4.34.0-win32.win32.x86_64\sts-4.28.1.RELEASE\plugins\org.eclipse.m2e.maven.runtime_3.9.900.20250220-2013\jars\org.eclipse.sisu.inject-0.9.0.M3.jar
2025-08-03 17:46:41,965 [Worker-15: Launching url-shortener (1)] INFO  o.eclipse.m2e.core.internal.Bundles - 	Entry: C:\Software\spring-tool-suite-4-4.28.1.RELEASE-e4.34.0-win32.win32.x86_64\sts-4.28.1.RELEASE\plugins\org.eclipse.m2e.maven.runtime_3.9.900.20250220-2013\jars\org.eclipse.sisu.plexus-0.9.0.M3.jar
2025-08-03 17:46:41,965 [Worker-15: Launching url-shortener (1)] INFO  o.eclipse.m2e.core.internal.Bundles - 	Entry: C:\Software\spring-tool-suite-4-4.28.1.RELEASE-e4.34.0-win32.win32.x86_64\sts-4.28.1.RELEASE\plugins\org.eclipse.m2e.maven.runtime_3.9.900.20250220-2013\jars\plexus-build-api-0.0.7.jar
2025-08-03 17:46:41,965 [Worker-15: Launching url-shortener (1)] INFO  o.eclipse.m2e.core.internal.Bundles - 	Entry: C:\Software\spring-tool-suite-4-4.28.1.RELEASE-e4.34.0-win32.win32.x86_64\sts-4.28.1.RELEASE\plugins\org.eclipse.m2e.maven.runtime_3.9.900.20250220-2013\jars\plexus-build-api-1.2.0.jar
2025-08-03 17:46:41,965 [Worker-15: Launching url-shortener (1)] INFO  o.eclipse.m2e.core.internal.Bundles - 	Entry: C:\Software\spring-tool-suite-4-4.28.1.RELEASE-e4.34.0-win32.win32.x86_64\sts-4.28.1.RELEASE\plugins\org.eclipse.m2e.maven.runtime_3.9.900.20250220-2013\jars\plexus-cipher-2.0.jar
2025-08-03 17:46:41,965 [Worker-15: Launching url-shortener (1)] INFO  o.eclipse.m2e.core.internal.Bundles - 	Entry: C:\Software\spring-tool-suite-4-4.28.1.RELEASE-e4.34.0-win32.win32.x86_64\sts-4.28.1.RELEASE\plugins\org.eclipse.m2e.maven.runtime_3.9.900.20250220-2013\jars\plexus-classworlds-2.8.0.jar
2025-08-03 17:46:41,965 [Worker-15: Launching url-shortener (1)] INFO  o.eclipse.m2e.core.internal.Bundles - 	Entry: C:\Software\spring-tool-suite-4-4.28.1.RELEASE-e4.34.0-win32.win32.x86_64\sts-4.28.1.RELEASE\plugins\org.eclipse.m2e.maven.runtime_3.9.900.20250220-2013\jars\plexus-component-annotations-2.1.0.jar
2025-08-03 17:46:41,965 [Worker-15: Launching url-shortener (1)] INFO  o.eclipse.m2e.core.internal.Bundles - 	Entry: C:\Software\spring-tool-suite-4-4.28.1.RELEASE-e4.34.0-win32.win32.x86_64\sts-4.28.1.RELEASE\plugins\org.eclipse.m2e.maven.runtime_3.9.900.20250220-2013\jars\plexus-interpolation-1.27.jar
2025-08-03 17:46:41,966 [Worker-15: Launching url-shortener (1)] INFO  o.eclipse.m2e.core.internal.Bundles - 	Entry: C:\Software\spring-tool-suite-4-4.28.1.RELEASE-e4.34.0-win32.win32.x86_64\sts-4.28.1.RELEASE\plugins\org.eclipse.m2e.maven.runtime_3.9.900.20250220-2013\jars\plexus-sec-dispatcher-2.0.jar
2025-08-03 17:46:41,966 [Worker-15: Launching url-shortener (1)] INFO  o.eclipse.m2e.core.internal.Bundles - 	Entry: C:\Software\spring-tool-suite-4-4.28.1.RELEASE-e4.34.0-win32.win32.x86_64\sts-4.28.1.RELEASE\plugins\org.eclipse.m2e.maven.runtime_3.9.900.20250220-2013\jars\plexus-utils-3.5.1.jar
2025-08-03 17:46:41,966 [Worker-15: Launching url-shortener (1)] INFO  o.eclipse.m2e.core.internal.Bundles - 	Entry: C:\Software\spring-tool-suite-4-4.28.1.RELEASE-e4.34.0-win32.win32.x86_64\sts-4.28.1.RELEASE\plugins\org.eclipse.m2e.maven.runtime_3.9.900.20250220-2013\jars\plexus-xml-3.0.1.jar
2025-08-03 17:46:41,966 [Worker-15: Launching url-shortener (1)] INFO  o.eclipse.m2e.core.internal.Bundles - 	Entry: C:\Software\spring-tool-suite-4-4.28.1.RELEASE-e4.34.0-win32.win32.x86_64\sts-4.28.1.RELEASE\plugins\org.eclipse.m2e.maven.runtime_3.9.900.20250220-2013\jars\wagon-file-3.5.3.jar
2025-08-03 17:46:41,966 [Worker-15: Launching url-shortener (1)] INFO  o.eclipse.m2e.core.internal.Bundles - 	Entry: C:\Software\spring-tool-suite-4-4.28.1.RELEASE-e4.34.0-win32.win32.x86_64\sts-4.28.1.RELEASE\plugins\org.eclipse.m2e.maven.runtime_3.9.900.20250220-2013\jars\wagon-http-3.5.3.jar
2025-08-03 17:46:41,966 [Worker-15: Launching url-shortener (1)] INFO  o.eclipse.m2e.core.internal.Bundles - 	Entry: C:\Software\spring-tool-suite-4-4.28.1.RELEASE-e4.34.0-win32.win32.x86_64\sts-4.28.1.RELEASE\plugins\org.eclipse.m2e.maven.runtime_3.9.900.20250220-2013\jars\wagon-http-shared-3.5.3.jar
2025-08-03 17:46:41,966 [Worker-15: Launching url-shortener (1)] INFO  o.eclipse.m2e.core.internal.Bundles - 	Entry: C:\Software\spring-tool-suite-4-4.28.1.RELEASE-e4.34.0-win32.win32.x86_64\sts-4.28.1.RELEASE\plugins\org.eclipse.m2e.maven.runtime_3.9.900.20250220-2013\jars\wagon-provider-api-3.5.3.jar
2025-08-03 17:46:41,967 [Worker-15: Launching url-shortener (1)] INFO  o.eclipse.m2e.core.internal.Bundles - getClasspathEntries(Bundle=com.google.guava_33.4.0.jre [647])
2025-08-03 17:46:41,967 [Worker-15: Launching url-shortener (1)] INFO  o.eclipse.m2e.core.internal.Bundles - 	Entry: C:\Software\spring-tool-suite-4-4.28.1.RELEASE-e4.34.0-win32.win32.x86_64\sts-4.28.1.RELEASE\plugins\com.google.guava_33.4.0.jre.jar
2025-08-03 17:46:41,967 [Worker-15: Launching url-shortener (1)] INFO  o.eclipse.m2e.core.internal.Bundles - getClasspathEntries(Bundle=slf4j.api_2.0.16 [615])
2025-08-03 17:46:41,968 [Worker-15: Launching url-shortener (1)] INFO  o.eclipse.m2e.core.internal.Bundles - 	Entry: C:\Software\spring-tool-suite-4-4.28.1.RELEASE-e4.34.0-win32.win32.x86_64\sts-4.28.1.RELEASE\plugins\slf4j.api_2.0.16.jar
2025-08-03 17:46:41,968 [Worker-15: Launching url-shortener (1)] INFO  o.eclipse.m2e.core.internal.Bundles - getClasspathEntries(Bundle=jakarta.inject.jakarta.inject-api_1.0.5 [45])
2025-08-03 17:46:41,968 [Worker-15: Launching url-shortener (1)] INFO  o.eclipse.m2e.core.internal.Bundles - 	Entry: C:\Software\spring-tool-suite-4-4.28.1.RELEASE-e4.34.0-win32.win32.x86_64\sts-4.28.1.RELEASE\plugins\jakarta.inject.jakarta.inject-api_1.0.5.jar
2025-08-03 17:46:41,968 [Worker-15: Launching url-shortener (1)] INFO  o.eclipse.m2e.core.internal.Bundles - getClasspathEntries(Bundle=jakarta.annotation-api_1.3.5 [41])
2025-08-03 17:46:41,968 [Worker-15: Launching url-shortener (1)] INFO  o.eclipse.m2e.core.internal.Bundles - 	Entry: C:\Software\spring-tool-suite-4-4.28.1.RELEASE-e4.34.0-win32.win32.x86_64\sts-4.28.1.RELEASE\plugins\jakarta.annotation-api_1.3.5.jar
2025-08-03 17:46:41,968 [Worker-15: Launching url-shortener (1)] INFO  o.eclipse.m2e.core.internal.Bundles - getClasspathEntries(Bundle=org.apache.commons.cli_1.9.0 [78])
2025-08-03 17:46:41,969 [Worker-15: Launching url-shortener (1)] INFO  o.eclipse.m2e.core.internal.Bundles - 	Entry: C:\Software\spring-tool-suite-4-4.28.1.RELEASE-e4.34.0-win32.win32.x86_64\sts-4.28.1.RELEASE\plugins\org.apache.commons.cli_1.9.0.jar
2025-08-03 17:46:41,969 [Worker-15: Launching url-shortener (1)] INFO  o.eclipse.m2e.core.internal.Bundles - getClasspathEntries(Bundle=org.apache.commons.commons-codec_1.16.0 [81])
2025-08-03 17:46:41,969 [Worker-15: Launching url-shortener (1)] INFO  o.eclipse.m2e.core.internal.Bundles - 	Entry: C:\Software\spring-tool-suite-4-4.28.1.RELEASE-e4.34.0-win32.win32.x86_64\sts-4.28.1.RELEASE\plugins\org.apache.commons.commons-codec_1.16.0.jar
2025-08-03 17:46:41,969 [Worker-15: Launching url-shortener (1)] INFO  o.eclipse.m2e.core.internal.Bundles - getClasspathEntries(Bundle=com.google.guava.failureaccess_1.0.2 [30])
2025-08-03 17:46:41,969 [Worker-15: Launching url-shortener (1)] INFO  o.eclipse.m2e.core.internal.Bundles - 	Entry: C:\Software\spring-tool-suite-4-4.28.1.RELEASE-e4.34.0-win32.win32.x86_64\sts-4.28.1.RELEASE\plugins\com.google.guava.failureaccess_1.0.2.jar
2025-08-03 17:46:41,971 [Worker-15: Launching url-shortener (1)] INFO  o.e.m.i.launch.MavenLaunchDelegate - Run build in "D:\Weekly Sunday Project\url-shortener":
2025-08-03 17:46:41,971 [Worker-15: Launching url-shortener (1)] INFO  o.e.m.i.launch.MavenLaunchDelegate -  mvn  -B -Dstyle.color=always clean packages
2025-08-03 17:48:45,738 [main] INFO  o.e.m2e.actions.ExecutePomAction - Creating new launch configuration
2025-08-03 17:48:59,288 [Worker-22: Launching url-shortener (2)] INFO  o.eclipse.m2e.core.internal.Bundles - getClasspathEntries(Bundle=org.eclipse.m2e.maven.runtime_3.9.900.20250220-2013 [833])
2025-08-03 17:48:59,289 [Worker-22: Launching url-shortener (2)] INFO  o.eclipse.m2e.core.internal.Bundles - 	Entry: C:\Software\spring-tool-suite-4-4.28.1.RELEASE-e4.34.0-win32.win32.x86_64\sts-4.28.1.RELEASE\plugins\org.eclipse.m2e.maven.runtime_3.9.900.20250220-2013
2025-08-03 17:48:59,289 [Worker-22: Launching url-shortener (2)] INFO  o.eclipse.m2e.core.internal.Bundles - 	Entry: C:\Software\spring-tool-suite-4-4.28.1.RELEASE-e4.34.0-win32.win32.x86_64\sts-4.28.1.RELEASE\plugins\org.eclipse.m2e.maven.runtime_3.9.900.20250220-2013\jars\aopalliance-1.0.jar
2025-08-03 17:48:59,289 [Worker-22: Launching url-shortener (2)] INFO  o.eclipse.m2e.core.internal.Bundles - 	Entry: C:\Software\spring-tool-suite-4-4.28.1.RELEASE-e4.34.0-win32.win32.x86_64\sts-4.28.1.RELEASE\plugins\org.eclipse.m2e.maven.runtime_3.9.900.20250220-2013\jars\guice-5.1.0.jar
2025-08-03 17:48:59,289 [Worker-22: Launching url-shortener (2)] INFO  o.eclipse.m2e.core.internal.Bundles - 	Entry: C:\Software\spring-tool-suite-4-4.28.1.RELEASE-e4.34.0-win32.win32.x86_64\sts-4.28.1.RELEASE\plugins\org.eclipse.m2e.maven.runtime_3.9.900.20250220-2013\jars\httpclient-4.5.14.jar
2025-08-03 17:48:59,289 [Worker-22: Launching url-shortener (2)] INFO  o.eclipse.m2e.core.internal.Bundles - 	Entry: C:\Software\spring-tool-suite-4-4.28.1.RELEASE-e4.34.0-win32.win32.x86_64\sts-4.28.1.RELEASE\plugins\org.eclipse.m2e.maven.runtime_3.9.900.20250220-2013\jars\httpcore-4.4.16.jar
2025-08-03 17:48:59,289 [Worker-22: Launching url-shortener (2)] INFO  o.eclipse.m2e.core.internal.Bundles - 	Entry: C:\Software\spring-tool-suite-4-4.28.1.RELEASE-e4.34.0-win32.win32.x86_64\sts-4.28.1.RELEASE\plugins\org.eclipse.m2e.maven.runtime_3.9.900.20250220-2013\jars\jansi-2.4.1.jar
2025-08-03 17:48:59,289 [Worker-22: Launching url-shortener (2)] INFO  o.eclipse.m2e.core.internal.Bundles - 	Entry: C:\Software\spring-tool-suite-4-4.28.1.RELEASE-e4.34.0-win32.win32.x86_64\sts-4.28.1.RELEASE\plugins\org.eclipse.m2e.maven.runtime_3.9.900.20250220-2013\jars\jcl-over-slf4j-1.7.36.jar
2025-08-03 17:48:59,290 [Worker-22: Launching url-shortener (2)] INFO  o.eclipse.m2e.core.internal.Bundles - 	Entry: C:\Software\spring-tool-suite-4-4.28.1.RELEASE-e4.34.0-win32.win32.x86_64\sts-4.28.1.RELEASE\plugins\org.eclipse.m2e.maven.runtime_3.9.900.20250220-2013\jars\maven-artifact-3.9.9.jar
2025-08-03 17:48:59,290 [Worker-22: Launching url-shortener (2)] INFO  o.eclipse.m2e.core.internal.Bundles - 	Entry: C:\Software\spring-tool-suite-4-4.28.1.RELEASE-e4.34.0-win32.win32.x86_64\sts-4.28.1.RELEASE\plugins\org.eclipse.m2e.maven.runtime_3.9.900.20250220-2013\jars\maven-builder-support-3.9.9.jar
2025-08-03 17:48:59,290 [Worker-22: Launching url-shortener (2)] INFO  o.eclipse.m2e.core.internal.Bundles - 	Entry: C:\Software\spring-tool-suite-4-4.28.1.RELEASE-e4.34.0-win32.win32.x86_64\sts-4.28.1.RELEASE\plugins\org.eclipse.m2e.maven.runtime_3.9.900.20250220-2013\jars\maven-compat-3.9.9.jar
2025-08-03 17:48:59,290 [Worker-22: Launching url-shortener (2)] INFO  o.eclipse.m2e.core.internal.Bundles - 	Entry: C:\Software\spring-tool-suite-4-4.28.1.RELEASE-e4.34.0-win32.win32.x86_64\sts-4.28.1.RELEASE\plugins\org.eclipse.m2e.maven.runtime_3.9.900.20250220-2013\jars\maven-core-3.9.9.jar
2025-08-03 17:48:59,290 [Worker-22: Launching url-shortener (2)] INFO  o.eclipse.m2e.core.internal.Bundles - 	Entry: C:\Software\spring-tool-suite-4-4.28.1.RELEASE-e4.34.0-win32.win32.x86_64\sts-4.28.1.RELEASE\plugins\org.eclipse.m2e.maven.runtime_3.9.900.20250220-2013\jars\maven-embedder-3.9.9.jar
2025-08-03 17:48:59,290 [Worker-22: Launching url-shortener (2)] INFO  o.eclipse.m2e.core.internal.Bundles - 	Entry: C:\Software\spring-tool-suite-4-4.28.1.RELEASE-e4.34.0-win32.win32.x86_64\sts-4.28.1.RELEASE\plugins\org.eclipse.m2e.maven.runtime_3.9.900.20250220-2013\jars\maven-model-3.9.9.jar
2025-08-03 17:48:59,291 [Worker-22: Launching url-shortener (2)] INFO  o.eclipse.m2e.core.internal.Bundles - 	Entry: C:\Software\spring-tool-suite-4-4.28.1.RELEASE-e4.34.0-win32.win32.x86_64\sts-4.28.1.RELEASE\plugins\org.eclipse.m2e.maven.runtime_3.9.900.20250220-2013\jars\maven-model-builder-3.9.9.jar
2025-08-03 17:48:59,291 [Worker-22: Launching url-shortener (2)] INFO  o.eclipse.m2e.core.internal.Bundles - 	Entry: C:\Software\spring-tool-suite-4-4.28.1.RELEASE-e4.34.0-win32.win32.x86_64\sts-4.28.1.RELEASE\plugins\org.eclipse.m2e.maven.runtime_3.9.900.20250220-2013\jars\maven-plugin-api-3.9.9.jar
2025-08-03 17:48:59,291 [Worker-22: Launching url-shortener (2)] INFO  o.eclipse.m2e.core.internal.Bundles - 	Entry: C:\Software\spring-tool-suite-4-4.28.1.RELEASE-e4.34.0-win32.win32.x86_64\sts-4.28.1.RELEASE\plugins\org.eclipse.m2e.maven.runtime_3.9.900.20250220-2013\jars\maven-repository-metadata-3.9.9.jar
2025-08-03 17:48:59,291 [Worker-22: Launching url-shortener (2)] INFO  o.eclipse.m2e.core.internal.Bundles - 	Entry: C:\Software\spring-tool-suite-4-4.28.1.RELEASE-e4.34.0-win32.win32.x86_64\sts-4.28.1.RELEASE\plugins\org.eclipse.m2e.maven.runtime_3.9.900.20250220-2013\jars\maven-resolver-api-1.9.22.jar
2025-08-03 17:48:59,292 [Worker-22: Launching url-shortener (2)] INFO  o.eclipse.m2e.core.internal.Bundles - 	Entry: C:\Software\spring-tool-suite-4-4.28.1.RELEASE-e4.34.0-win32.win32.x86_64\sts-4.28.1.RELEASE\plugins\org.eclipse.m2e.maven.runtime_3.9.900.20250220-2013\jars\maven-resolver-connector-basic-1.9.22.jar
2025-08-03 17:48:59,292 [Worker-22: Launching url-shortener (2)] INFO  o.eclipse.m2e.core.internal.Bundles - 	Entry: C:\Software\spring-tool-suite-4-4.28.1.RELEASE-e4.34.0-win32.win32.x86_64\sts-4.28.1.RELEASE\plugins\org.eclipse.m2e.maven.runtime_3.9.900.20250220-2013\jars\maven-resolver-impl-1.9.22.jar
2025-08-03 17:48:59,292 [Worker-22: Launching url-shortener (2)] INFO  o.eclipse.m2e.core.internal.Bundles - 	Entry: C:\Software\spring-tool-suite-4-4.28.1.RELEASE-e4.34.0-win32.win32.x86_64\sts-4.28.1.RELEASE\plugins\org.eclipse.m2e.maven.runtime_3.9.900.20250220-2013\jars\maven-resolver-named-locks-1.9.22.jar
2025-08-03 17:48:59,292 [Worker-22: Launching url-shortener (2)] INFO  o.eclipse.m2e.core.internal.Bundles - 	Entry: C:\Software\spring-tool-suite-4-4.28.1.RELEASE-e4.34.0-win32.win32.x86_64\sts-4.28.1.RELEASE\plugins\org.eclipse.m2e.maven.runtime_3.9.900.20250220-2013\jars\maven-resolver-provider-3.9.9.jar
2025-08-03 17:48:59,292 [Worker-22: Launching url-shortener (2)] INFO  o.eclipse.m2e.core.internal.Bundles - 	Entry: C:\Software\spring-tool-suite-4-4.28.1.RELEASE-e4.34.0-win32.win32.x86_64\sts-4.28.1.RELEASE\plugins\org.eclipse.m2e.maven.runtime_3.9.900.20250220-2013\jars\maven-resolver-spi-1.9.22.jar
2025-08-03 17:48:59,292 [Worker-22: Launching url-shortener (2)] INFO  o.eclipse.m2e.core.internal.Bundles - 	Entry: C:\Software\spring-tool-suite-4-4.28.1.RELEASE-e4.34.0-win32.win32.x86_64\sts-4.28.1.RELEASE\plugins\org.eclipse.m2e.maven.runtime_3.9.900.20250220-2013\jars\maven-resolver-transport-file-1.9.22.jar
2025-08-03 17:48:59,292 [Worker-22: Launching url-shortener (2)] INFO  o.eclipse.m2e.core.internal.Bundles - 	Entry: C:\Software\spring-tool-suite-4-4.28.1.RELEASE-e4.34.0-win32.win32.x86_64\sts-4.28.1.RELEASE\plugins\org.eclipse.m2e.maven.runtime_3.9.900.20250220-2013\jars\maven-resolver-transport-http-1.9.22.jar
2025-08-03 17:48:59,293 [Worker-22: Launching url-shortener (2)] INFO  o.eclipse.m2e.core.internal.Bundles - 	Entry: C:\Software\spring-tool-suite-4-4.28.1.RELEASE-e4.34.0-win32.win32.x86_64\sts-4.28.1.RELEASE\plugins\org.eclipse.m2e.maven.runtime_3.9.900.20250220-2013\jars\maven-resolver-transport-wagon-1.9.22.jar
2025-08-03 17:48:59,293 [Worker-22: Launching url-shortener (2)] INFO  o.eclipse.m2e.core.internal.Bundles - 	Entry: C:\Software\spring-tool-suite-4-4.28.1.RELEASE-e4.34.0-win32.win32.x86_64\sts-4.28.1.RELEASE\plugins\org.eclipse.m2e.maven.runtime_3.9.900.20250220-2013\jars\maven-resolver-util-1.9.22.jar
2025-08-03 17:48:59,293 [Worker-22: Launching url-shortener (2)] INFO  o.eclipse.m2e.core.internal.Bundles - 	Entry: C:\Software\spring-tool-suite-4-4.28.1.RELEASE-e4.34.0-win32.win32.x86_64\sts-4.28.1.RELEASE\plugins\org.eclipse.m2e.maven.runtime_3.9.900.20250220-2013\jars\maven-settings-3.9.9.jar
2025-08-03 17:48:59,293 [Worker-22: Launching url-shortener (2)] INFO  o.eclipse.m2e.core.internal.Bundles - 	Entry: C:\Software\spring-tool-suite-4-4.28.1.RELEASE-e4.34.0-win32.win32.x86_64\sts-4.28.1.RELEASE\plugins\org.eclipse.m2e.maven.runtime_3.9.900.20250220-2013\jars\maven-settings-builder-3.9.9.jar
2025-08-03 17:48:59,293 [Worker-22: Launching url-shortener (2)] INFO  o.eclipse.m2e.core.internal.Bundles - 	Entry: C:\Software\spring-tool-suite-4-4.28.1.RELEASE-e4.34.0-win32.win32.x86_64\sts-4.28.1.RELEASE\plugins\org.eclipse.m2e.maven.runtime_3.9.900.20250220-2013\jars\maven-shared-utils-3.4.2.jar
2025-08-03 17:48:59,293 [Worker-22: Launching url-shortener (2)] INFO  o.eclipse.m2e.core.internal.Bundles - 	Entry: C:\Software\spring-tool-suite-4-4.28.1.RELEASE-e4.34.0-win32.win32.x86_64\sts-4.28.1.RELEASE\plugins\org.eclipse.m2e.maven.runtime_3.9.900.20250220-2013\jars\org.eclipse.sisu.inject-0.9.0.M3.jar
2025-08-03 17:48:59,293 [Worker-22: Launching url-shortener (2)] INFO  o.eclipse.m2e.core.internal.Bundles - 	Entry: C:\Software\spring-tool-suite-4-4.28.1.RELEASE-e4.34.0-win32.win32.x86_64\sts-4.28.1.RELEASE\plugins\org.eclipse.m2e.maven.runtime_3.9.900.20250220-2013\jars\org.eclipse.sisu.plexus-0.9.0.M3.jar
2025-08-03 17:48:59,293 [Worker-22: Launching url-shortener (2)] INFO  o.eclipse.m2e.core.internal.Bundles - 	Entry: C:\Software\spring-tool-suite-4-4.28.1.RELEASE-e4.34.0-win32.win32.x86_64\sts-4.28.1.RELEASE\plugins\org.eclipse.m2e.maven.runtime_3.9.900.20250220-2013\jars\plexus-build-api-0.0.7.jar
2025-08-03 17:48:59,294 [Worker-22: Launching url-shortener (2)] INFO  o.eclipse.m2e.core.internal.Bundles - 	Entry: C:\Software\spring-tool-suite-4-4.28.1.RELEASE-e4.34.0-win32.win32.x86_64\sts-4.28.1.RELEASE\plugins\org.eclipse.m2e.maven.runtime_3.9.900.20250220-2013\jars\plexus-build-api-1.2.0.jar
2025-08-03 17:48:59,294 [Worker-22: Launching url-shortener (2)] INFO  o.eclipse.m2e.core.internal.Bundles - 	Entry: C:\Software\spring-tool-suite-4-4.28.1.RELEASE-e4.34.0-win32.win32.x86_64\sts-4.28.1.RELEASE\plugins\org.eclipse.m2e.maven.runtime_3.9.900.20250220-2013\jars\plexus-cipher-2.0.jar
2025-08-03 17:48:59,294 [Worker-22: Launching url-shortener (2)] INFO  o.eclipse.m2e.core.internal.Bundles - 	Entry: C:\Software\spring-tool-suite-4-4.28.1.RELEASE-e4.34.0-win32.win32.x86_64\sts-4.28.1.RELEASE\plugins\org.eclipse.m2e.maven.runtime_3.9.900.20250220-2013\jars\plexus-classworlds-2.8.0.jar
2025-08-03 17:48:59,294 [Worker-22: Launching url-shortener (2)] INFO  o.eclipse.m2e.core.internal.Bundles - 	Entry: C:\Software\spring-tool-suite-4-4.28.1.RELEASE-e4.34.0-win32.win32.x86_64\sts-4.28.1.RELEASE\plugins\org.eclipse.m2e.maven.runtime_3.9.900.20250220-2013\jars\plexus-component-annotations-2.1.0.jar
2025-08-03 17:48:59,294 [Worker-22: Launching url-shortener (2)] INFO  o.eclipse.m2e.core.internal.Bundles - 	Entry: C:\Software\spring-tool-suite-4-4.28.1.RELEASE-e4.34.0-win32.win32.x86_64\sts-4.28.1.RELEASE\plugins\org.eclipse.m2e.maven.runtime_3.9.900.20250220-2013\jars\plexus-interpolation-1.27.jar
2025-08-03 17:48:59,294 [Worker-22: Launching url-shortener (2)] INFO  o.eclipse.m2e.core.internal.Bundles - 	Entry: C:\Software\spring-tool-suite-4-4.28.1.RELEASE-e4.34.0-win32.win32.x86_64\sts-4.28.1.RELEASE\plugins\org.eclipse.m2e.maven.runtime_3.9.900.20250220-2013\jars\plexus-sec-dispatcher-2.0.jar
2025-08-03 17:48:59,294 [Worker-22: Launching url-shortener (2)] INFO  o.eclipse.m2e.core.internal.Bundles - 	Entry: C:\Software\spring-tool-suite-4-4.28.1.RELEASE-e4.34.0-win32.win32.x86_64\sts-4.28.1.RELEASE\plugins\org.eclipse.m2e.maven.runtime_3.9.900.20250220-2013\jars\plexus-utils-3.5.1.jar
2025-08-03 17:48:59,295 [Worker-22: Launching url-shortener (2)] INFO  o.eclipse.m2e.core.internal.Bundles - 	Entry: C:\Software\spring-tool-suite-4-4.28.1.RELEASE-e4.34.0-win32.win32.x86_64\sts-4.28.1.RELEASE\plugins\org.eclipse.m2e.maven.runtime_3.9.900.20250220-2013\jars\plexus-xml-3.0.1.jar
2025-08-03 17:48:59,295 [Worker-22: Launching url-shortener (2)] INFO  o.eclipse.m2e.core.internal.Bundles - 	Entry: C:\Software\spring-tool-suite-4-4.28.1.RELEASE-e4.34.0-win32.win32.x86_64\sts-4.28.1.RELEASE\plugins\org.eclipse.m2e.maven.runtime_3.9.900.20250220-2013\jars\wagon-file-3.5.3.jar
2025-08-03 17:48:59,295 [Worker-22: Launching url-shortener (2)] INFO  o.eclipse.m2e.core.internal.Bundles - 	Entry: C:\Software\spring-tool-suite-4-4.28.1.RELEASE-e4.34.0-win32.win32.x86_64\sts-4.28.1.RELEASE\plugins\org.eclipse.m2e.maven.runtime_3.9.900.20250220-2013\jars\wagon-http-3.5.3.jar
2025-08-03 17:48:59,295 [Worker-22: Launching url-shortener (2)] INFO  o.eclipse.m2e.core.internal.Bundles - 	Entry: C:\Software\spring-tool-suite-4-4.28.1.RELEASE-e4.34.0-win32.win32.x86_64\sts-4.28.1.RELEASE\plugins\org.eclipse.m2e.maven.runtime_3.9.900.20250220-2013\jars\wagon-http-shared-3.5.3.jar
2025-08-03 17:48:59,295 [Worker-22: Launching url-shortener (2)] INFO  o.eclipse.m2e.core.internal.Bundles - 	Entry: C:\Software\spring-tool-suite-4-4.28.1.RELEASE-e4.34.0-win32.win32.x86_64\sts-4.28.1.RELEASE\plugins\org.eclipse.m2e.maven.runtime_3.9.900.20250220-2013\jars\wagon-provider-api-3.5.3.jar
2025-08-03 17:48:59,295 [Worker-22: Launching url-shortener (2)] INFO  o.eclipse.m2e.core.internal.Bundles - getClasspathEntries(Bundle=com.google.guava_33.4.0.jre [647])
2025-08-03 17:48:59,296 [Worker-22: Launching url-shortener (2)] INFO  o.eclipse.m2e.core.internal.Bundles - 	Entry: C:\Software\spring-tool-suite-4-4.28.1.RELEASE-e4.34.0-win32.win32.x86_64\sts-4.28.1.RELEASE\plugins\com.google.guava_33.4.0.jre.jar
2025-08-03 17:48:59,296 [Worker-22: Launching url-shortener (2)] INFO  o.eclipse.m2e.core.internal.Bundles - getClasspathEntries(Bundle=slf4j.api_2.0.16 [615])
2025-08-03 17:48:59,296 [Worker-22: Launching url-shortener (2)] INFO  o.eclipse.m2e.core.internal.Bundles - 	Entry: C:\Software\spring-tool-suite-4-4.28.1.RELEASE-e4.34.0-win32.win32.x86_64\sts-4.28.1.RELEASE\plugins\slf4j.api_2.0.16.jar
2025-08-03 17:48:59,296 [Worker-22: Launching url-shortener (2)] INFO  o.eclipse.m2e.core.internal.Bundles - getClasspathEntries(Bundle=jakarta.inject.jakarta.inject-api_1.0.5 [45])
2025-08-03 17:48:59,296 [Worker-22: Launching url-shortener (2)] INFO  o.eclipse.m2e.core.internal.Bundles - 	Entry: C:\Software\spring-tool-suite-4-4.28.1.RELEASE-e4.34.0-win32.win32.x86_64\sts-4.28.1.RELEASE\plugins\jakarta.inject.jakarta.inject-api_1.0.5.jar
2025-08-03 17:48:59,297 [Worker-22: Launching url-shortener (2)] INFO  o.eclipse.m2e.core.internal.Bundles - getClasspathEntries(Bundle=jakarta.annotation-api_1.3.5 [41])
2025-08-03 17:48:59,297 [Worker-22: Launching url-shortener (2)] INFO  o.eclipse.m2e.core.internal.Bundles - 	Entry: C:\Software\spring-tool-suite-4-4.28.1.RELEASE-e4.34.0-win32.win32.x86_64\sts-4.28.1.RELEASE\plugins\jakarta.annotation-api_1.3.5.jar
2025-08-03 17:48:59,297 [Worker-22: Launching url-shortener (2)] INFO  o.eclipse.m2e.core.internal.Bundles - getClasspathEntries(Bundle=org.apache.commons.cli_1.9.0 [78])
2025-08-03 17:48:59,297 [Worker-22: Launching url-shortener (2)] INFO  o.eclipse.m2e.core.internal.Bundles - 	Entry: C:\Software\spring-tool-suite-4-4.28.1.RELEASE-e4.34.0-win32.win32.x86_64\sts-4.28.1.RELEASE\plugins\org.apache.commons.cli_1.9.0.jar
2025-08-03 17:48:59,297 [Worker-22: Launching url-shortener (2)] INFO  o.eclipse.m2e.core.internal.Bundles - getClasspathEntries(Bundle=org.apache.commons.commons-codec_1.16.0 [81])
2025-08-03 17:48:59,298 [Worker-22: Launching url-shortener (2)] INFO  o.eclipse.m2e.core.internal.Bundles - 	Entry: C:\Software\spring-tool-suite-4-4.28.1.RELEASE-e4.34.0-win32.win32.x86_64\sts-4.28.1.RELEASE\plugins\org.apache.commons.commons-codec_1.16.0.jar
2025-08-03 17:48:59,298 [Worker-22: Launching url-shortener (2)] INFO  o.eclipse.m2e.core.internal.Bundles - getClasspathEntries(Bundle=com.google.guava.failureaccess_1.0.2 [30])
2025-08-03 17:48:59,298 [Worker-22: Launching url-shortener (2)] INFO  o.eclipse.m2e.core.internal.Bundles - 	Entry: C:\Software\spring-tool-suite-4-4.28.1.RELEASE-e4.34.0-win32.win32.x86_64\sts-4.28.1.RELEASE\plugins\com.google.guava.failureaccess_1.0.2.jar
2025-08-03 17:48:59,299 [Worker-22: Launching url-shortener (2)] INFO  o.e.m.i.launch.MavenLaunchDelegate - Run build in "D:\Weekly Sunday Project\url-shortener":
2025-08-03 17:48:59,299 [Worker-22: Launching url-shortener (2)] INFO  o.e.m.i.launch.MavenLaunchDelegate -  mvn  -B -Dstyle.color=always spring-boot:run
2025-08-03 18:13:42,362 [Worker-15: Building] INFO  o.a.m.s.f.DefaultMavenResourcesFiltering - Copying 1 resource from src\main\resources to target\classes
2025-08-03 18:13:42,398 [Worker-15: Building] INFO  o.a.m.s.f.DefaultMavenResourcesFiltering - Copying 0 resource from src\main\resources to target\classes
2025-08-03 18:13:42,405 [Worker-15: Building] INFO  o.a.m.s.f.DefaultMavenResourcesFiltering - skip non existing resourceDirectory D:\Weekly Sunday Project\url-shortener\src\test\resources
2025-08-03 18:16:06,385 [Worker-27: Building] INFO  o.a.m.s.f.DefaultMavenResourcesFiltering - Copying 1 resource from src\main\resources to target\classes
2025-08-03 18:16:06,447 [Worker-27: Building] INFO  o.a.m.s.f.DefaultMavenResourcesFiltering - Copying 0 resource from src\main\resources to target\classes
2025-08-03 18:16:06,450 [Worker-27: Building] INFO  o.a.m.s.f.DefaultMavenResourcesFiltering - skip non existing resourceDirectory D:\Weekly Sunday Project\url-shortener\src\test\resources
2025-08-03 18:33:08,166 [Worker-28: Building] INFO  o.a.m.s.f.DefaultMavenResourcesFiltering - Copying 1 resource from src\main\resources to target\classes
2025-08-03 18:33:08,213 [Worker-28: Building] INFO  o.a.m.s.f.DefaultMavenResourcesFiltering - Copying 0 resource from src\main\resources to target\classes
2025-08-03 18:33:08,216 [Worker-28: Building] INFO  o.a.m.s.f.DefaultMavenResourcesFiltering - skip non existing resourceDirectory D:\Weekly Sunday Project\url-shortener\src\test\resources
2025-08-03 20:28:08,744 [Worker-41: Building] INFO  o.a.m.s.f.DefaultMavenResourcesFiltering - Copying 1 resource from src\main\resources to target\classes
2025-08-03 20:28:08,809 [Worker-41: Building] INFO  o.a.m.s.f.DefaultMavenResourcesFiltering - Copying 0 resource from src\main\resources to target\classes
2025-08-03 20:28:08,814 [Worker-41: Building] INFO  o.a.m.s.f.DefaultMavenResourcesFiltering - skip non existing resourceDirectory D:\Weekly Sunday Project\url-shortener\src\test\resources
2025-08-03 20:30:53,459 [Worker-44: Building] INFO  o.a.m.s.f.DefaultMavenResourcesFiltering - Copying 1 resource from src\main\resources to target\classes
2025-08-03 20:30:53,515 [Worker-44: Building] INFO  o.a.m.s.f.DefaultMavenResourcesFiltering - Copying 0 resource from src\main\resources to target\classes
2025-08-03 20:30:53,518 [Worker-44: Building] INFO  o.a.m.s.f.DefaultMavenResourcesFiltering - skip non existing resourceDirectory D:\Weekly Sunday Project\url-shortener\src\test\resources
2025-08-03 20:31:16,319 [Worker-40: Building] INFO  o.a.m.s.f.DefaultMavenResourcesFiltering - Copying 1 resource from src\main\resources to target\classes
2025-08-03 20:31:16,355 [Worker-40: Building] INFO  o.a.m.s.f.DefaultMavenResourcesFiltering - Copying 0 resource from src\main\resources to target\classes
2025-08-03 20:31:16,358 [Worker-40: Building] INFO  o.a.m.s.f.DefaultMavenResourcesFiltering - skip non existing resourceDirectory D:\Weekly Sunday Project\url-shortener\src\test\resources
2025-08-03 20:35:15,624 [Worker-43: Building] INFO  o.a.m.s.f.DefaultMavenResourcesFiltering - Copying 1 resource from src\main\resources to target\classes
2025-08-03 20:35:15,629 [Worker-43: Building] INFO  o.a.m.s.f.DefaultMavenResourcesFiltering - Copying 0 resource from src\main\resources to target\classes
2025-08-03 20:35:15,632 [Worker-43: Building] INFO  o.a.m.s.f.DefaultMavenResourcesFiltering - skip non existing resourceDirectory D:\Weekly Sunday Project\url-shortener\src\test\resources
2025-08-03 20:38:07,875 [Worker-30: Building] INFO  o.a.m.s.f.DefaultMavenResourcesFiltering - Copying 1 resource from src\main\resources to target\classes
2025-08-03 20:38:07,884 [Worker-30: Building] INFO  o.a.m.s.f.DefaultMavenResourcesFiltering - Copying 0 resource from src\main\resources to target\classes
2025-08-03 20:38:07,887 [Worker-30: Building] INFO  o.a.m.s.f.DefaultMavenResourcesFiltering - skip non existing resourceDirectory D:\Weekly Sunday Project\url-shortener\src\test\resources
2025-08-03 20:38:28,562 [Worker-40: Building] INFO  o.a.m.s.f.DefaultMavenResourcesFiltering - Copying 1 resource from src\main\resources to target\classes
2025-08-03 20:38:28,567 [Worker-40: Building] INFO  o.a.m.s.f.DefaultMavenResourcesFiltering - Copying 0 resource from src\main\resources to target\classes
2025-08-03 20:38:28,572 [Worker-40: Building] INFO  o.a.m.s.f.DefaultMavenResourcesFiltering - skip non existing resourceDirectory D:\Weekly Sunday Project\url-shortener\src\test\resources
2025-08-03 20:39:50,891 [Worker-41: Building] INFO  o.a.m.s.f.DefaultMavenResourcesFiltering - Copying 1 resource from src\main\resources to target\classes
2025-08-03 20:39:50,895 [Worker-41: Building] INFO  o.a.m.s.f.DefaultMavenResourcesFiltering - Copying 0 resource from src\main\resources to target\classes
2025-08-03 20:39:50,897 [Worker-41: Building] INFO  o.a.m.s.f.DefaultMavenResourcesFiltering - skip non existing resourceDirectory D:\Weekly Sunday Project\url-shortener\src\test\resources
2025-08-03 20:43:59,680 [Worker-44: Building] INFO  o.a.m.s.f.DefaultMavenResourcesFiltering - Copying 1 resource from src\main\resources to target\classes
2025-08-03 20:43:59,684 [Worker-44: Building] INFO  o.a.m.s.f.DefaultMavenResourcesFiltering - Copying 0 resource from src\main\resources to target\classes
2025-08-03 20:43:59,685 [Worker-44: Building] INFO  o.a.m.s.f.DefaultMavenResourcesFiltering - skip non existing resourceDirectory D:\Weekly Sunday Project\url-shortener\src\test\resources
2025-08-03 20:44:15,506 [Worker-44: Building] INFO  o.a.m.s.f.DefaultMavenResourcesFiltering - Copying 1 resource from src\main\resources to target\classes
2025-08-03 20:44:15,511 [Worker-44: Building] INFO  o.a.m.s.f.DefaultMavenResourcesFiltering - Copying 0 resource from src\main\resources to target\classes
2025-08-03 20:44:15,514 [Worker-44: Building] INFO  o.a.m.s.f.DefaultMavenResourcesFiltering - skip non existing resourceDirectory D:\Weekly Sunday Project\url-shortener\src\test\resources
2025-08-03 21:07:35,437 [Worker-30: Building] INFO  o.a.m.s.f.DefaultMavenResourcesFiltering - Copying 1 resource from src\main\resources to target\classes
2025-08-03 21:07:35,445 [Worker-30: Building] INFO  o.a.m.s.f.DefaultMavenResourcesFiltering - Copying 0 resource from src\main\resources to target\classes
2025-08-03 21:07:35,448 [Worker-30: Building] INFO  o.a.m.s.f.DefaultMavenResourcesFiltering - skip non existing resourceDirectory D:\Weekly Sunday Project\url-shortener\src\test\resources
2025-08-03 21:08:08,906 [Worker-41: Building] INFO  o.a.m.s.f.DefaultMavenResourcesFiltering - Copying 1 resource from src\main\resources to target\classes
2025-08-03 21:08:08,913 [Worker-41: Building] INFO  o.a.m.s.f.DefaultMavenResourcesFiltering - Copying 0 resource from src\main\resources to target\classes
2025-08-03 21:08:08,916 [Worker-41: Building] INFO  o.a.m.s.f.DefaultMavenResourcesFiltering - skip non existing resourceDirectory D:\Weekly Sunday Project\url-shortener\src\test\resources
2025-08-03 21:09:50,044 [Worker-30: Building] INFO  o.a.m.s.f.DefaultMavenResourcesFiltering - Copying 1 resource from src\main\resources to target\classes
2025-08-03 21:09:50,084 [Worker-30: Building] INFO  o.a.m.s.f.DefaultMavenResourcesFiltering - Copying 0 resource from src\main\resources to target\classes
2025-08-03 21:09:50,088 [Worker-30: Building] INFO  o.a.m.s.f.DefaultMavenResourcesFiltering - skip non existing resourceDirectory D:\Weekly Sunday Project\url-shortener\src\test\resources
2025-08-03 21:10:27,998 [Worker-41: Building] INFO  o.a.m.s.f.DefaultMavenResourcesFiltering - Copying 1 resource from src\main\resources to target\classes
2025-08-03 21:10:28,047 [Worker-41: Building] INFO  o.a.m.s.f.DefaultMavenResourcesFiltering - Copying 0 resource from src\main\resources to target\classes
2025-08-03 21:10:28,049 [Worker-41: Building] INFO  o.a.m.s.f.DefaultMavenResourcesFiltering - skip non existing resourceDirectory D:\Weekly Sunday Project\url-shortener\src\test\resources
2025-08-03 21:18:53,094 [Worker-43: Building] INFO  o.a.m.s.f.DefaultMavenResourcesFiltering - Copying 1 resource from src\main\resources to target\classes
2025-08-03 21:18:53,101 [Worker-43: Building] INFO  o.a.m.s.f.DefaultMavenResourcesFiltering - Copying 0 resource from src\main\resources to target\classes
2025-08-03 21:18:53,105 [Worker-43: Building] INFO  o.a.m.s.f.DefaultMavenResourcesFiltering - skip non existing resourceDirectory D:\Weekly Sunday Project\url-shortener\src\test\resources
2025-08-03 21:20:02,186 [Worker-41: Building] INFO  o.a.m.s.f.DefaultMavenResourcesFiltering - Copying 1 resource from src\main\resources to target\classes
2025-08-03 21:20:02,198 [Worker-41: Building] INFO  o.a.m.s.f.DefaultMavenResourcesFiltering - Copying 0 resource from src\main\resources to target\classes
2025-08-03 21:20:02,201 [Worker-41: Building] INFO  o.a.m.s.f.DefaultMavenResourcesFiltering - skip non existing resourceDirectory D:\Weekly Sunday Project\url-shortener\src\test\resources
2025-08-03 21:20:32,528 [Worker-44: Building] INFO  o.a.m.s.f.DefaultMavenResourcesFiltering - Copying 1 resource from src\main\resources to target\classes
2025-08-03 21:20:32,536 [Worker-44: Building] INFO  o.a.m.s.f.DefaultMavenResourcesFiltering - Copying 0 resource from src\main\resources to target\classes
2025-08-03 21:20:32,540 [Worker-44: Building] INFO  o.a.m.s.f.DefaultMavenResourcesFiltering - skip non existing resourceDirectory D:\Weekly Sunday Project\url-shortener\src\test\resources
2025-08-03 21:21:23,741 [Worker-44: Building] INFO  o.a.m.s.f.DefaultMavenResourcesFiltering - Copying 1 resource from src\main\resources to target\classes
2025-08-03 21:21:23,766 [Worker-44: Building] INFO  o.a.m.s.f.DefaultMavenResourcesFiltering - Copying 0 resource from src\main\resources to target\classes
2025-08-03 21:21:23,768 [Worker-44: Building] INFO  o.a.m.s.f.DefaultMavenResourcesFiltering - skip non existing resourceDirectory D:\Weekly Sunday Project\url-shortener\src\test\resources
2025-08-03 21:21:38,941 [Worker-42: Building] INFO  o.a.m.s.f.DefaultMavenResourcesFiltering - Copying 1 resource from src\main\resources to target\classes
2025-08-03 21:21:38,952 [Worker-42: Building] INFO  o.a.m.s.f.DefaultMavenResourcesFiltering - Copying 0 resource from src\main\resources to target\classes
2025-08-03 21:21:38,954 [Worker-42: Building] INFO  o.a.m.s.f.DefaultMavenResourcesFiltering - skip non existing resourceDirectory D:\Weekly Sunday Project\url-shortener\src\test\resources
2025-08-03 21:22:32,028 [Worker-40: Building] INFO  o.a.m.s.f.DefaultMavenResourcesFiltering - Copying 1 resource from src\main\resources to target\classes
2025-08-03 21:22:32,037 [Worker-40: Building] INFO  o.a.m.s.f.DefaultMavenResourcesFiltering - Copying 0 resource from src\main\resources to target\classes
2025-08-03 21:22:32,039 [Worker-40: Building] INFO  o.a.m.s.f.DefaultMavenResourcesFiltering - skip non existing resourceDirectory D:\Weekly Sunday Project\url-shortener\src\test\resources
2025-08-03 21:23:19,764 [Worker-43: Building] INFO  o.a.m.s.f.DefaultMavenResourcesFiltering - Copying 1 resource from src\main\resources to target\classes
2025-08-03 21:23:19,768 [Worker-43: Building] INFO  o.a.m.s.f.DefaultMavenResourcesFiltering - Copying 0 resource from src\main\resources to target\classes
2025-08-03 21:23:19,771 [Worker-43: Building] INFO  o.a.m.s.f.DefaultMavenResourcesFiltering - skip non existing resourceDirectory D:\Weekly Sunday Project\url-shortener\src\test\resources
2025-08-03 21:24:54,001 [Worker-44: Building] INFO  o.a.m.s.f.DefaultMavenResourcesFiltering - Copying 1 resource from src\main\resources to target\classes
2025-08-03 21:24:54,004 [Worker-44: Building] INFO  o.a.m.s.f.DefaultMavenResourcesFiltering - Copying 0 resource from src\main\resources to target\classes
2025-08-03 21:24:54,007 [Worker-44: Building] INFO  o.a.m.s.f.DefaultMavenResourcesFiltering - skip non existing resourceDirectory D:\Weekly Sunday Project\url-shortener\src\test\resources
2025-08-03 21:28:52,960 [Worker-40: Building] INFO  o.a.m.s.f.DefaultMavenResourcesFiltering - Copying 1 resource from src\main\resources to target\classes
2025-08-03 21:28:52,968 [Worker-40: Building] INFO  o.a.m.s.f.DefaultMavenResourcesFiltering - Copying 0 resource from src\main\resources to target\classes
2025-08-03 21:28:52,972 [Worker-40: Building] INFO  o.a.m.s.f.DefaultMavenResourcesFiltering - skip non existing resourceDirectory D:\Weekly Sunday Project\url-shortener\src\test\resources
2025-08-03 21:36:28,614 [Worker-43: Building] INFO  o.a.m.s.f.DefaultMavenResourcesFiltering - Copying 1 resource from src\main\resources to target\classes
2025-08-03 21:36:28,682 [Worker-43: Building] INFO  o.a.m.s.f.DefaultMavenResourcesFiltering - Copying 0 resource from src\main\resources to target\classes
2025-08-03 21:36:28,688 [Worker-43: Building] INFO  o.a.m.s.f.DefaultMavenResourcesFiltering - skip non existing resourceDirectory D:\Weekly Sunday Project\url-shortener\src\test\resources
2025-08-03 21:36:45,414 [Worker-44: Building] INFO  o.a.m.s.f.DefaultMavenResourcesFiltering - Copying 1 resource from src\main\resources to target\classes
2025-08-03 21:36:45,463 [Worker-44: Building] INFO  o.a.m.s.f.DefaultMavenResourcesFiltering - Copying 0 resource from src\main\resources to target\classes
2025-08-03 21:36:45,465 [Worker-44: Building] INFO  o.a.m.s.f.DefaultMavenResourcesFiltering - skip non existing resourceDirectory D:\Weekly Sunday Project\url-shortener\src\test\resources
2025-08-03 21:41:20,364 [Worker-43: Building] INFO  o.a.m.s.f.DefaultMavenResourcesFiltering - Copying 1 resource from src\main\resources to target\classes
2025-08-03 21:41:20,429 [Worker-43: Building] INFO  o.a.m.s.f.DefaultMavenResourcesFiltering - Copying 0 resource from src\main\resources to target\classes
2025-08-03 21:41:20,432 [Worker-43: Building] INFO  o.a.m.s.f.DefaultMavenResourcesFiltering - skip non existing resourceDirectory D:\Weekly Sunday Project\url-shortener\src\test\resources
2025-08-03 21:42:14,377 [Worker-42: Building] INFO  o.a.m.s.f.DefaultMavenResourcesFiltering - Copying 1 resource from src\main\resources to target\classes
2025-08-03 21:42:14,383 [Worker-42: Building] INFO  o.a.m.s.f.DefaultMavenResourcesFiltering - Copying 0 resource from src\main\resources to target\classes
2025-08-03 21:42:14,391 [Worker-42: Building] INFO  o.a.m.s.f.DefaultMavenResourcesFiltering - skip non existing resourceDirectory D:\Weekly Sunday Project\url-shortener\src\test\resources
2025-08-03 21:43:03,516 [Worker-42: Building] INFO  o.a.m.s.f.DefaultMavenResourcesFiltering - Copying 1 resource from src\main\resources to target\classes
2025-08-03 21:43:03,521 [Worker-42: Building] INFO  o.a.m.s.f.DefaultMavenResourcesFiltering - Copying 0 resource from src\main\resources to target\classes
2025-08-03 21:43:03,526 [Worker-42: Building] INFO  o.a.m.s.f.DefaultMavenResourcesFiltering - skip non existing resourceDirectory D:\Weekly Sunday Project\url-shortener\src\test\resources
2025-08-03 21:49:36,586 [Worker-44: Building] INFO  o.a.m.s.f.DefaultMavenResourcesFiltering - Copying 1 resource from src\main\resources to target\classes
2025-08-03 21:49:36,597 [Worker-44: Building] INFO  o.a.m.s.f.DefaultMavenResourcesFiltering - Copying 0 resource from src\main\resources to target\classes
2025-08-03 21:49:36,600 [Worker-44: Building] INFO  o.a.m.s.f.DefaultMavenResourcesFiltering - skip non existing resourceDirectory D:\Weekly Sunday Project\url-shortener\src\test\resources
2025-08-05 20:37:34,023 [Worker-2: Loading available Gradle versions] INFO  o.e.b.c.i.u.g.PublishedGradleVersions - Gradle version information cache is out-of-date. Trying to update.
